<?xml version="1.0" encoding="UTF-8"?>
<?xml-stylesheet type="text/xsl" href="/sitemap.xsl"?>
<urlset xmlns="http://www.sitemaps.org/schemas/sitemap/0.9" xmlns:xhtml="http://www.w3.org/1999/xhtml">
<url><loc>https://www.eaglelake-fla.com/</loc><changefreq>daily</changefreq><priority>1.0</priority></url>
<url><loc>https://www.eaglelake-fla.com/home-page</loc><lastmod>2023-10-19T21:53Z</lastmod><changefreq>never</changefreq><priority>1.0</priority></url>
<url><loc>https://www.eaglelake-fla.com/community</loc><lastmod>2023-12-15T20:15Z</lastmod><changefreq>never</changefreq></url>
<url><loc>https://www.eaglelake-fla.com/clerk</loc><lastmod>2025-07-22T20:28Z</lastmod><changefreq>yearly</changefreq></url>
<url><loc>https://www.eaglelake-fla.com/manager</loc><lastmod>2024-06-12T04:37Z</lastmod><changefreq>yearly</changefreq></url>
<url><loc>https://www.eaglelake-fla.com/bc-pc</loc><lastmod>2023-12-29T16:36Z</lastmod><changefreq>never</changefreq></url>
<url><loc>https://www.eaglelake-fla.com/departments</loc><lastmod>2022-03-17T19:24Z</lastmod><changefreq>never</changefreq></url>
<url><loc>https://www.eaglelake-fla.com/code</loc><lastmod>2025-03-05T13:14Z</lastmod><changefreq>yearly</changefreq></url>
<url><loc>https://www.eaglelake-fla.com/resources</loc><lastmod>2026-02-26T21:44Z</lastmod><changefreq>monthly</changefreq></url>
<url><loc>https://www.eaglelake-fla.com/police</loc><lastmod>2024-08-19T14:08Z</lastmod><changefreq>yearly</changefreq></url>
<url><loc>https://www.eaglelake-fla.com/utilities</loc><lastmod>2026-04-02T12:40Z</lastmod><changefreq>monthly</changefreq></url>
<url><loc>https://www.eaglelake-fla.com/administration/page/website-accessibility</loc><lastmod>2022-02-22T22:25Z</lastmod><changefreq>never</changefreq></url>
<url><loc>https://www.eaglelake-fla.com/community/faq/do-search-results-include-contents-pdfs-and-other-documents</loc><lastmod>2016-07-27T22:25Z</lastmod><changefreq>never</changefreq></url>
<url><loc>https://www.eaglelake-fla.com/community/faq/if-i-search-phrase-eg-alarm-permit-will-results-only-show-exact-matches</loc><lastmod>2016-07-27T22:26Z</lastmod><changefreq>never</changefreq></url>
<url><loc>https://www.eaglelake-fla.com/community/faq/can-i-exclude-word-search-eg-all-pages-have-word-alarm-not-word-permit</loc><lastmod>2016-07-27T22:26Z</lastmod><changefreq>never</changefreq></url>
<url><loc>https://www.eaglelake-fla.com/building/directory-listing/karah-hargo</loc><lastmod>2024-07-29T13:36Z</lastmod><changefreq>yearly</changefreq></url>
<url><loc>https://www.eaglelake-fla.com/finance/directory-listing/patricia-richardson</loc><lastmod>2024-01-24T19:46Z</lastmod><changefreq>never</changefreq></url>
<url><loc>https://www.eaglelake-fla.com/finance/directory-listing/joanne-mcleod</loc><lastmod>2024-01-24T19:47Z</lastmod><changefreq>never</changefreq></url>
<url><loc>https://www.eaglelake-fla.com/utilities/directory-listing/tiffany-griffith</loc><lastmod>2025-05-20T14:17Z</lastmod><changefreq>yearly</changefreq></url>
<url><loc>https://www.eaglelake-fla.com/manager/directory-listing/thomas-ernharth</loc><lastmod>2024-08-29T16:29Z</lastmod><changefreq>yearly</changefreq></url>
<url><loc>https://www.eaglelake-fla.com/clerk/directory-listing/dawn-wright</loc><lastmod>2024-06-10T18:35Z</lastmod><changefreq>yearly</changefreq></url>
<url><loc>https://www.eaglelake-fla.com/utilities/directory-listing/samantha-ethridge</loc><lastmod>2024-12-13T16:36Z</lastmod><changefreq>yearly</changefreq></url>
<url><loc>https://www.eaglelake-fla.com/city/directory-listing/steve-williams</loc><lastmod>2025-05-08T21:34Z</lastmod><changefreq>yearly</changefreq></url>
<url><loc>https://www.eaglelake-fla.com/city/directory-listing/randy-billings</loc><lastmod>2025-05-08T21:38Z</lastmod><changefreq>yearly</changefreq></url>
<url><loc>https://www.eaglelake-fla.com/city/directory-listing/steven-metosh</loc><lastmod>2025-05-08T21:37Z</lastmod><changefreq>yearly</changefreq></url>
<url><loc>https://www.eaglelake-fla.com/library/directory-listing/alexandra-duran</loc><lastmod>2025-06-09T16:22Z</lastmod><changefreq>yearly</changefreq></url>
<url><loc>https://www.eaglelake-fla.com/library/directory-listing/kristen-barnes</loc><lastmod>2024-06-13T00:59Z</lastmod><changefreq>yearly</changefreq></url>
<url><loc>https://www.eaglelake-fla.com/library</loc><lastmod>2025-08-06T22:39Z</lastmod><changefreq>yearly</changefreq></url>
<url><loc>https://www.eaglelake-fla.com/bc-cra</loc><lastmod>2025-07-10T19:49Z</lastmod><changefreq>yearly</changefreq></url>
<url><loc>https://www.eaglelake-fla.com/building/directory-listing/joseph-magee</loc><lastmod>2025-03-05T13:03Z</lastmod><changefreq>yearly</changefreq></url>
<url><loc>https://www.eaglelake-fla.com/code/directory-listing/brian-nadeau</loc><lastmod>2025-05-19T17:00Z</lastmod><changefreq>yearly</changefreq></url>
<url><loc>https://www.eaglelake-fla.com/resources/page/miscellaneous-forms</loc><lastmod>2024-06-12T04:15Z</lastmod><changefreq>yearly</changefreq></url>
<url><loc>https://www.eaglelake-fla.com/city/page/ordinances-codes</loc><lastmod>2022-02-23T23:38Z</lastmod><changefreq>never</changefreq></url>
<url><loc>https://www.eaglelake-fla.com/community/page/republic-services</loc><lastmod>2024-06-06T17:41Z</lastmod><changefreq>yearly</changefreq></url>
<url><loc>https://www.eaglelake-fla.com/community/page/eagle-lake-community-baseball</loc><lastmod>2024-01-26T17:07Z</lastmod><changefreq>never</changefreq></url>
<url><loc>https://www.eaglelake-fla.com/community/page/history-eagle-lake</loc><lastmod>2023-12-15T20:13Z</lastmod><changefreq>never</changefreq></url>
<url><loc>https://www.eaglelake-fla.com/community/page/useful-links-resources</loc><lastmod>2024-01-22T14:56Z</lastmod><changefreq>never</changefreq></url>
<url><loc>https://www.eaglelake-fla.com/community/page/zoning-future-land-use-maps</loc><lastmod>2023-12-15T20:20Z</lastmod><changefreq>never</changefreq></url>
<url><loc>https://www.eaglelake-fla.com/community/page/tourism</loc><lastmod>2022-03-18T19:21Z</lastmod><changefreq>never</changefreq></url>
<url><loc>https://www.eaglelake-fla.com/community/page/trick-or-treat-lane</loc><lastmod>2022-03-15T01:10Z</lastmod><changefreq>never</changefreq></url>
<url><loc>https://www.eaglelake-fla.com/community/page/eagle-lake-senior-center</loc><lastmod>2024-05-14T13:34Z</lastmod><changefreq>yearly</changefreq></url>
<url><loc>https://www.eaglelake-fla.com/finance/page/proposed-budgets</loc><lastmod>2025-08-26T20:39Z</lastmod><changefreq>yearly</changefreq></url>
<url><loc>https://www.eaglelake-fla.com/manager/page/comprehensive-plan</loc><lastmod>2025-07-22T16:00Z</lastmod><changefreq>yearly</changefreq></url>
<url><loc>https://www.eaglelake-fla.com/utilities/page/water-quality-reports</loc><lastmod>2026-03-11T13:12Z</lastmod><changefreq>monthly</changefreq></url>
<url><loc>https://www.eaglelake-fla.com/bc-pc/meeting/regular-planning-commission-meeting</loc><lastmod>2023-12-08T13:10Z</lastmod><changefreq>never</changefreq></url>
<url><loc>https://www.eaglelake-fla.com/city/meeting/regular-city-commission-meeting</loc><lastmod>2022-03-10T16:54Z</lastmod><changefreq>never</changefreq></url>
<url><loc>https://www.eaglelake-fla.com/community/page/new-website-launch</loc><lastmod>2023-12-20T20:05Z</lastmod><changefreq>never</changefreq></url>
<url><loc>https://www.eaglelake-fla.com/utilities/directory-listing/brian-fletcher</loc><lastmod>2024-12-13T16:36Z</lastmod><changefreq>yearly</changefreq></url>
<url><loc>https://www.eaglelake-fla.com/building/page/building-department-forms</loc><lastmod>2025-11-19T17:40Z</lastmod><changefreq>yearly</changefreq></url>
<url><loc>https://www.eaglelake-fla.com/administration/page/city-code-ordinances</loc><lastmod>2022-03-15T19:53Z</lastmod><changefreq>never</changefreq></url>
<url><loc>https://www.eaglelake-fla.com/community/page/eagle-lake-patriotic-celebration</loc><lastmod>2022-08-17T12:21Z</lastmod><changefreq>never</changefreq></url>
<url><loc>https://www.eaglelake-fla.com/community/meeting/regular-city-commission-meeting-0</loc><lastmod>2022-06-28T15:27Z</lastmod><changefreq>never</changefreq></url>
<url><loc>https://www.eaglelake-fla.com/finance/page/approved-budgets</loc><lastmod>2025-09-22T19:56Z</lastmod><changefreq>yearly</changefreq></url>
<url><loc>https://www.eaglelake-fla.com/finance/page/budgets</loc><lastmod>2023-12-21T17:20Z</lastmod><changefreq>never</changefreq></url>
<url><loc>https://www.eaglelake-fla.com/utilities/page/rates</loc><lastmod>2025-07-22T19:44Z</lastmod><changefreq>yearly</changefreq></url>
<url><loc>https://www.eaglelake-fla.com/building/page/miscellaneous-fees</loc><lastmod>2022-03-17T14:12Z</lastmod><changefreq>never</changefreq></url>
<url><loc>https://www.eaglelake-fla.com/community/meeting/regular-city-commission-meeting</loc><lastmod>2022-03-18T15:35Z</lastmod><changefreq>never</changefreq></url>
<url><loc>https://www.eaglelake-fla.com/city/meeting/regular-city-commission-meeting-0</loc><lastmod>2022-03-31T15:21Z</lastmod><changefreq>never</changefreq></url>
<url><loc>https://www.eaglelake-fla.com/bc-pc/meeting/planning-commission-regular-meeting</loc><lastmod>2023-12-20T15:08Z</lastmod><changefreq>never</changefreq></url>
<url><loc>https://www.eaglelake-fla.com/city/meeting/regular-city-commission-meeting-1</loc><lastmod>2022-03-31T15:22Z</lastmod><changefreq>never</changefreq></url>
<url><loc>https://www.eaglelake-fla.com/city/meeting/regular-city-commission-meeting-2</loc><lastmod>2022-03-31T15:24Z</lastmod><changefreq>never</changefreq></url>
<url><loc>https://www.eaglelake-fla.com/bc-pc/meeting/planning-commission-regular-meeting-0</loc><lastmod>2023-12-20T15:10Z</lastmod><changefreq>never</changefreq></url>
<url><loc>https://www.eaglelake-fla.com/city/meeting/regular-city-commission-meeting-3</loc><lastmod>2023-12-11T15:26Z</lastmod><changefreq>never</changefreq></url>
<url><loc>https://www.eaglelake-fla.com/city/meeting/regular-city-commission-meeting-5</loc><lastmod>2024-02-09T13:37Z</lastmod><changefreq>never</changefreq></url>
<url><loc>https://www.eaglelake-fla.com/bc-cra/meeting/regular-cra-meeting-2</loc><lastmod>2024-02-09T15:38Z</lastmod><changefreq>never</changefreq></url>
<url><loc>https://www.eaglelake-fla.com/bc-pc/meeting/planning-commission-regular-meeting-9</loc><lastmod>2023-12-20T15:34Z</lastmod><changefreq>never</changefreq></url>
<url><loc>https://www.eaglelake-fla.com/city/meeting/regular-city-commission-meeting-9</loc><lastmod>2024-02-09T13:47Z</lastmod><changefreq>never</changefreq></url>
<url><loc>https://www.eaglelake-fla.com/bc-pc/meeting/planning-commission-regular-meeting-8</loc><lastmod>2023-12-20T15:33Z</lastmod><changefreq>never</changefreq></url>
<url><loc>https://www.eaglelake-fla.com/city/meeting/regular-city-commission-meeting-7</loc><lastmod>2024-02-09T13:44Z</lastmod><changefreq>never</changefreq></url>
<url><loc>https://www.eaglelake-fla.com/city/meeting/regular-city-commission-meeting-6</loc><lastmod>2024-02-09T13:43Z</lastmod><changefreq>never</changefreq></url>
<url><loc>https://www.eaglelake-fla.com/bc-pc/meeting/planning-commission-regular-meeting-7</loc><lastmod>2023-12-20T15:32Z</lastmod><changefreq>never</changefreq></url>
<url><loc>https://www.eaglelake-fla.com/city/meeting/regular-city-commission-meeting-10</loc><lastmod>2024-02-09T14:20Z</lastmod><changefreq>never</changefreq></url>
<url><loc>https://www.eaglelake-fla.com/bc-cra/meeting/community-redevelopment-agency-regular-meeting-1</loc><lastmod>2023-12-20T15:35Z</lastmod><changefreq>never</changefreq></url>
<url><loc>https://www.eaglelake-fla.com/bc-pc/meeting/planning-commission-regular-meeting-6</loc><lastmod>2023-12-20T15:31Z</lastmod><changefreq>never</changefreq></url>
<url><loc>https://www.eaglelake-fla.com/city/meeting/mayor-city-commission-regular-meeting-4</loc><lastmod>2023-12-20T15:27Z</lastmod><changefreq>never</changefreq></url>
<url><loc>https://www.eaglelake-fla.com/bc-pc/meeting/planning-commission-regular-meeting-5</loc><lastmod>2023-12-20T15:30Z</lastmod><changefreq>never</changefreq></url>
<url><loc>https://www.eaglelake-fla.com/city/meeting/mayor-city-commission-special-meeting</loc><lastmod>2023-12-20T15:26Z</lastmod><changefreq>never</changefreq></url>
<url><loc>https://www.eaglelake-fla.com/city/meeting/regular-city-commission-meeting-8</loc><lastmod>2024-02-09T13:45Z</lastmod><changefreq>never</changefreq></url>
<url><loc>https://www.eaglelake-fla.com/bc-pc/meeting/planning-commission-regular-meeting-4</loc><lastmod>2023-12-20T15:29Z</lastmod><changefreq>never</changefreq></url>
<url><loc>https://www.eaglelake-fla.com/city/meeting/mayor-city-commission-regular-meeting-2</loc><lastmod>2023-12-20T15:23Z</lastmod><changefreq>never</changefreq></url>
<url><loc>https://www.eaglelake-fla.com/bc-pc/meeting/planning-commission-regular-meeting-3</loc><lastmod>2023-12-20T15:28Z</lastmod><changefreq>never</changefreq></url>
<url><loc>https://www.eaglelake-fla.com/city/meeting/mayor-city-commission-regular-meeting-1</loc><lastmod>2023-12-20T15:18Z</lastmod><changefreq>never</changefreq></url>
<url><loc>https://www.eaglelake-fla.com/bc-pc/meeting/planning-commission-regular-meeting-2</loc><lastmod>2023-12-20T15:22Z</lastmod><changefreq>never</changefreq></url>
<url><loc>https://www.eaglelake-fla.com/city/meeting/mayor-city-commission-regular-meeting-0</loc><lastmod>2023-12-20T15:17Z</lastmod><changefreq>never</changefreq></url>
<url><loc>https://www.eaglelake-fla.com/bc-cra/meeting/community-redevelopment-agency-regular-meeting-0</loc><lastmod>2023-12-20T15:20Z</lastmod><changefreq>never</changefreq></url>
<url><loc>https://www.eaglelake-fla.com/bc-pc/meeting/planning-commission-regular-meeting-1</loc><lastmod>2023-12-11T14:09Z</lastmod><changefreq>never</changefreq></url>
<url><loc>https://www.eaglelake-fla.com/bc-cra/meeting/community-redevelopment-agency-regular-meeting</loc><lastmod>2023-12-20T15:19Z</lastmod><changefreq>never</changefreq></url>
<url><loc>https://www.eaglelake-fla.com/home-page/page/online-payments</loc><lastmod>2024-12-30T16:28Z</lastmod><changefreq>yearly</changefreq></url>
<url><loc>https://www.eaglelake-fla.com/building/page/permit-payments</loc><lastmod>2024-06-13T01:03Z</lastmod><changefreq>yearly</changefreq></url>
<url><loc>https://www.eaglelake-fla.com/utilities/page/utility-payments</loc><lastmod>2022-03-22T17:01Z</lastmod><changefreq>never</changefreq></url>
<url><loc>https://www.eaglelake-fla.com/utilities/page/utility-deposit-payment</loc><lastmod>2022-03-22T17:03Z</lastmod><changefreq>never</changefreq></url>
<url><loc>https://www.eaglelake-fla.com/code/page/miscellaneous-online-payments</loc><lastmod>2023-07-26T16:33Z</lastmod><changefreq>never</changefreq></url>
<url><loc>https://www.eaglelake-fla.com/community/page/keep-polk-county-beautiful</loc><lastmod>2023-05-05T16:39Z</lastmod><changefreq>never</changefreq></url>
<url><loc>https://www.eaglelake-fla.com/clerk/page/home-rule-hero-award</loc><lastmod>2025-05-20T14:33Z</lastmod><changefreq>yearly</changefreq></url>
<url><loc>https://www.eaglelake-fla.com/building/page/items-require-building-permit</loc><lastmod>2024-06-13T01:04Z</lastmod><changefreq>yearly</changefreq></url>
<url><loc>https://www.eaglelake-fla.com/utilities/faq/how-long-will-it-take-my-service-be-connected-after-i-have-paid-my-utility-deposit</loc><lastmod>2024-06-13T13:31Z</lastmod><changefreq>yearly</changefreq></url>
<url><loc>https://www.eaglelake-fla.com/utilities/faq/what-steps-do-i-need-take-start-my-utility-service</loc><lastmod>2024-06-13T13:31Z</lastmod><changefreq>yearly</changefreq></url>
<url><loc>https://www.eaglelake-fla.com/utilities/faq/how-much-will-my-utility-deposit-be</loc><lastmod>2024-06-13T13:28Z</lastmod><changefreq>yearly</changefreq></url>
<url><loc>https://www.eaglelake-fla.com/community/meeting/regular-city-commission-meeting-1</loc><lastmod>2022-06-28T15:29Z</lastmod><changefreq>never</changefreq></url>
<url><loc>https://www.eaglelake-fla.com/community/page/city-hall-closed</loc><lastmod>2022-04-20T14:23Z</lastmod><changefreq>never</changefreq></url>
<url><loc>https://www.eaglelake-fla.com/building/page/utilization-reports</loc><lastmod>2023-04-18T14:48Z</lastmod><changefreq>never</changefreq></url>
<url><loc>https://www.eaglelake-fla.com/community/meeting/regular-city-commission-agenda</loc><lastmod>2022-06-28T15:04Z</lastmod><changefreq>never</changefreq></url>
<url><loc>https://www.eaglelake-fla.com/bc-cra/meeting/regular-cra-meeting-1</loc><lastmod>2024-02-09T14:32Z</lastmod><changefreq>never</changefreq></url>
<url><loc>https://www.eaglelake-fla.com/building/page/accela-customer-portal</loc><lastmod>2024-06-13T01:04Z</lastmod><changefreq>yearly</changefreq></url>
<url><loc>https://www.eaglelake-fla.com/clerk/meeting/regular-commission-meeting-june-6th-2022-700-pm</loc><lastmod>2025-09-24T13:10Z</lastmod><changefreq>yearly</changefreq></url>
<url><loc>https://www.eaglelake-fla.com/clerk/meeting/regular-commission-meeting-june-6th-2022-700-pm-0</loc><lastmod>2025-09-24T13:10Z</lastmod><changefreq>yearly</changefreq></url>
<url><loc>https://www.eaglelake-fla.com/community/meeting/regular-city-commission-meeting-2</loc><lastmod>2022-08-10T12:53Z</lastmod><changefreq>never</changefreq></url>
<url><loc>https://www.eaglelake-fla.com/library/page/upcoming-events</loc><lastmod>2026-03-30T17:26Z</lastmod><changefreq>monthly</changefreq></url>
<url><loc>https://www.eaglelake-fla.com/community/meeting/regular-city-commission-meeting-3</loc><lastmod>2022-09-19T12:46Z</lastmod><changefreq>never</changefreq></url>
<url><loc>https://www.eaglelake-fla.com/library/page/oceans-possibilities-family-story-time-0</loc><lastmod>2022-07-07T20:59Z</lastmod><changefreq>never</changefreq></url>
<url><loc>https://www.eaglelake-fla.com/library/page/oceans-possibilities-family-story-time</loc><lastmod>2022-07-07T20:59Z</lastmod><changefreq>never</changefreq></url>
<url><loc>https://www.eaglelake-fla.com/community/meeting/regular-city-commission-meeting-4</loc><lastmod>2022-09-19T12:47Z</lastmod><changefreq>never</changefreq></url>
<url><loc>https://www.eaglelake-fla.com/community/meeting/regular-planning-commission-meeting-7</loc><lastmod>2023-12-08T13:11Z</lastmod><changefreq>never</changefreq></url>
<url><loc>https://www.eaglelake-fla.com/community/meeting/regular-city-commission-meeting-5</loc><lastmod>2022-12-06T18:13Z</lastmod><changefreq>never</changefreq></url>
<url><loc>https://www.eaglelake-fla.com/community/meeting/regular-city-commission-meeting-23</loc><lastmod>2023-12-08T13:16Z</lastmod><changefreq>never</changefreq></url>
<url><loc>https://www.eaglelake-fla.com/community/meeting/regular-city-commission-meeting-10</loc><lastmod>2023-04-14T14:42Z</lastmod><changefreq>never</changefreq></url>
<url><loc>https://www.eaglelake-fla.com/community/meeting/regular-city-commission-meeting-11</loc><lastmod>2023-04-14T14:44Z</lastmod><changefreq>never</changefreq></url>
<url><loc>https://www.eaglelake-fla.com/community/meeting/regular-planning-commission-meeting-1</loc><lastmod>2023-04-10T16:34Z</lastmod><changefreq>never</changefreq></url>
<url><loc>https://www.eaglelake-fla.com/community/meeting/regular-city-commission-meeting-12</loc><lastmod>2023-04-14T14:57Z</lastmod><changefreq>never</changefreq></url>
<url><loc>https://www.eaglelake-fla.com/community/meeting/regular-planning-commission-meeting-2</loc><lastmod>2023-04-14T14:53Z</lastmod><changefreq>never</changefreq></url>
<url><loc>https://www.eaglelake-fla.com/community/page/eagle-lake-patriotic-celebration-0</loc><lastmod>2023-01-12T19:23Z</lastmod><changefreq>never</changefreq></url>
<url><loc>https://www.eaglelake-fla.com/community/page/city-eagle-lake-annual-trick-or-treat-lane</loc><lastmod>2023-01-31T18:56Z</lastmod><changefreq>never</changefreq></url>
<url><loc>https://www.eaglelake-fla.com/administration/page/city-hall-closed</loc><lastmod>2023-01-31T19:01Z</lastmod><changefreq>never</changefreq></url>
<url><loc>https://www.eaglelake-fla.com/administration/page/city-hall-closed-0</loc><lastmod>2023-01-31T19:04Z</lastmod><changefreq>never</changefreq></url>
<url><loc>https://www.eaglelake-fla.com/administration/page/city-hall-closed-1</loc><lastmod>2023-01-31T19:05Z</lastmod><changefreq>never</changefreq></url>
<url><loc>https://www.eaglelake-fla.com/administration/page/city-hall-closed-2</loc><lastmod>2023-01-31T19:07Z</lastmod><changefreq>never</changefreq></url>
<url><loc>https://www.eaglelake-fla.com/administration/page/city-hall-closed-3</loc><lastmod>2023-01-31T19:08Z</lastmod><changefreq>never</changefreq></url>
<url><loc>https://www.eaglelake-fla.com/administration/page/city-hall-closed-4</loc><lastmod>2023-01-31T19:09Z</lastmod><changefreq>never</changefreq></url>
<url><loc>https://www.eaglelake-fla.com/administration/page/city-hall-closed-5</loc><lastmod>2023-01-31T19:11Z</lastmod><changefreq>never</changefreq></url>
<url><loc>https://www.eaglelake-fla.com/administration/page/city-hall-closed-6</loc><lastmod>2023-01-31T19:12Z</lastmod><changefreq>never</changefreq></url>
<url><loc>https://www.eaglelake-fla.com/administration/page/city-hall-closed-7</loc><lastmod>2023-01-31T19:12Z</lastmod><changefreq>never</changefreq></url>
<url><loc>https://www.eaglelake-fla.com/administration/page/city-hall-closed-8</loc><lastmod>2023-01-31T19:13Z</lastmod><changefreq>never</changefreq></url>
<url><loc>https://www.eaglelake-fla.com/administration/page/city-hall-closed-9</loc><lastmod>2023-01-31T19:13Z</lastmod><changefreq>never</changefreq></url>
<url><loc>https://www.eaglelake-fla.com/administration/page/city-hall-closed-10</loc><lastmod>2023-01-31T19:14Z</lastmod><changefreq>never</changefreq></url>
<url><loc>https://www.eaglelake-fla.com/administration/page/city-hall-closed-11</loc><lastmod>2023-01-31T19:15Z</lastmod><changefreq>never</changefreq></url>
<url><loc>https://www.eaglelake-fla.com/administration/page/city-hall-closed-12</loc><lastmod>2023-01-31T19:15Z</lastmod><changefreq>never</changefreq></url>
<url><loc>https://www.eaglelake-fla.com/library/page/spring-story-time-3-5-year-olds</loc><lastmod>2023-02-07T13:42Z</lastmod><changefreq>never</changefreq></url>
<url><loc>https://www.eaglelake-fla.com/library/page/spring-story-time-3-5-year-olds-0</loc><lastmod>2023-02-07T13:44Z</lastmod><changefreq>never</changefreq></url>
<url><loc>https://www.eaglelake-fla.com/library/page/spring-story-time-3-5-year-olds-1</loc><lastmod>2023-02-07T13:46Z</lastmod><changefreq>never</changefreq></url>
<url><loc>https://www.eaglelake-fla.com/library/page/spring-story-time-6-10-year-olds-1</loc><lastmod>2023-02-07T16:01Z</lastmod><changefreq>never</changefreq></url>
<url><loc>https://www.eaglelake-fla.com/library/page/spring-story-time-6-10-year-olds</loc><lastmod>2023-02-07T13:47Z</lastmod><changefreq>never</changefreq></url>
<url><loc>https://www.eaglelake-fla.com/library/page/spring-story-time-6-10-year-olds-0</loc><lastmod>2023-02-07T13:48Z</lastmod><changefreq>never</changefreq></url>
<url><loc>https://www.eaglelake-fla.com/community/meeting/regular-city-commission-meeting-13</loc><lastmod>2023-12-20T15:11Z</lastmod><changefreq>never</changefreq></url>
<url><loc>https://www.eaglelake-fla.com/community/meeting/regular-planning-commission-meeting-4</loc><lastmod>2023-06-13T18:05Z</lastmod><changefreq>never</changefreq></url>
<url><loc>https://www.eaglelake-fla.com/community/page/spring-curbside-clean</loc><lastmod>2023-04-04T16:57Z</lastmod><changefreq>never</changefreq></url>
<url><loc>https://www.eaglelake-fla.com/utilities/faq/are-payment-arrangements-available</loc><lastmod>2024-06-13T13:26Z</lastmod><changefreq>yearly</changefreq></url>
<url><loc>https://www.eaglelake-fla.com/utilities/page/watering-schedule-and-restrictions</loc><lastmod>2026-03-31T19:33Z</lastmod><changefreq>monthly</changefreq></url>
<url><loc>https://www.eaglelake-fla.com/community/meeting/regular-city-commission-meeting-14</loc><lastmod>2023-12-20T15:15Z</lastmod><changefreq>never</changefreq></url>
<url><loc>https://www.eaglelake-fla.com/community/meeting/regular-city-commission-meeting-15</loc><lastmod>2023-06-13T18:07Z</lastmod><changefreq>never</changefreq></url>
<url><loc>https://www.eaglelake-fla.com/bc-cra/meeting/regular-cra-meeting-0</loc><lastmod>2024-02-09T13:42Z</lastmod><changefreq>never</changefreq></url>
<url><loc>https://www.eaglelake-fla.com/home-page/page/donation-contribution</loc><lastmod>2024-12-30T16:26Z</lastmod><changefreq>yearly</changefreq></url>
<url><loc>https://www.eaglelake-fla.com/community/meeting/regular-city-commission-meeting-22</loc><lastmod>2023-12-08T13:01Z</lastmod><changefreq>never</changefreq></url>
<url><loc>https://www.eaglelake-fla.com/community/meeting/regular-planning-commission-meeting-6</loc><lastmod>2023-12-08T13:00Z</lastmod><changefreq>never</changefreq></url>
<url><loc>https://www.eaglelake-fla.com/city/page/regular-commission-meeting-cancelled</loc><lastmod>2023-07-11T14:32Z</lastmod><changefreq>never</changefreq></url>
<url><loc>https://www.eaglelake-fla.com/community/meeting/regular-city-commission-meeting-21</loc><lastmod>2023-12-08T12:57Z</lastmod><changefreq>never</changefreq></url>
<url><loc>https://www.eaglelake-fla.com/community/meeting/regular-city-commission-meeting-18</loc><lastmod>2023-12-08T12:51Z</lastmod><changefreq>never</changefreq></url>
<url><loc>https://www.eaglelake-fla.com/bc-cra/meeting/regular-cra-meeting</loc><lastmod>2024-08-09T01:31Z</lastmod><changefreq>yearly</changefreq></url>
<url><loc>https://www.eaglelake-fla.com/community/meeting/regular-city-commission-meeting-20</loc><lastmod>2023-12-08T12:56Z</lastmod><changefreq>never</changefreq></url>
<url><loc>https://www.eaglelake-fla.com/community/meeting/regular-city-commission-meeting-17</loc><lastmod>2023-12-08T12:50Z</lastmod><changefreq>never</changefreq></url>
<url><loc>https://www.eaglelake-fla.com/library/page/eagle-lake-public-library-watercolor-haunted-house-arts-crafts</loc><lastmod>2023-10-10T12:14Z</lastmod><changefreq>never</changefreq></url>
<url><loc>https://www.eaglelake-fla.com/library/page/eagle-lake-public-library-watercolor-haunted-house-arts-crafts-0</loc><lastmod>2023-10-10T12:14Z</lastmod><changefreq>never</changefreq></url>
<url><loc>https://www.eaglelake-fla.com/library/page/eagle-lake-public-library-thanksgiving-place-mats-arts-crafts</loc><lastmod>2023-10-10T12:18Z</lastmod><changefreq>never</changefreq></url>
<url><loc>https://www.eaglelake-fla.com/library/page/eagle-lake-public-library-thanksgiving-place-mats-arts-crafts-0</loc><lastmod>2023-10-10T12:18Z</lastmod><changefreq>never</changefreq></url>
<url><loc>https://www.eaglelake-fla.com/library/page/eagle-lake-public-library-gingerbread-house-paper-bag-arts-crafts</loc><lastmod>2023-10-10T12:19Z</lastmod><changefreq>never</changefreq></url>
<url><loc>https://www.eaglelake-fla.com/library/page/eagle-lake-public-library-gingerbread-house-paper-bag-arts-crafts-0</loc><lastmod>2023-10-10T12:20Z</lastmod><changefreq>never</changefreq></url>
<url><loc>https://www.eaglelake-fla.com/library/page/eagle-lake-public-library-orange-slime-science-lab</loc><lastmod>2023-10-10T12:15Z</lastmod><changefreq>never</changefreq></url>
<url><loc>https://www.eaglelake-fla.com/library/page/eagle-lake-public-library-orange-slime-science-lab-0</loc><lastmod>2023-10-10T12:15Z</lastmod><changefreq>never</changefreq></url>
<url><loc>https://www.eaglelake-fla.com/library/page/eagle-lake-public-library-cranberry-architecture-science-lab-0</loc><lastmod>2023-10-10T12:19Z</lastmod><changefreq>never</changefreq></url>
<url><loc>https://www.eaglelake-fla.com/library/page/eagle-lake-public-library-cranberry-architecture-science-lab</loc><lastmod>2023-10-10T12:18Z</lastmod><changefreq>never</changefreq></url>
<url><loc>https://www.eaglelake-fla.com/library/page/eagle-lake-public-library-fizzy-christmas-ornaments-science-lab</loc><lastmod>2023-10-10T12:20Z</lastmod><changefreq>never</changefreq></url>
<url><loc>https://www.eaglelake-fla.com/library/page/eagle-lake-public-library-fizzy-christmas-ornaments-science-lab-0</loc><lastmod>2023-10-10T12:21Z</lastmod><changefreq>never</changefreq></url>
<url><loc>https://www.eaglelake-fla.com/library/page/eagle-lake-public-library-halloween-characters-scavenger-hunts-0</loc><lastmod>2023-10-23T16:33Z</lastmod><changefreq>never</changefreq></url>
<url><loc>https://www.eaglelake-fla.com/library/page/eagle-lake-public-library-halloween-characters-scavenger-hunts</loc><lastmod>2023-10-23T16:32Z</lastmod><changefreq>never</changefreq></url>
<url><loc>https://www.eaglelake-fla.com/library/page/eagle-lake-public-library-holiday-characters-scavenger-hunts-0</loc><lastmod>2023-10-10T12:22Z</lastmod><changefreq>never</changefreq></url>
<url><loc>https://www.eaglelake-fla.com/library/page/eagle-lake-public-library-holiday-characters-scavenger-hunts</loc><lastmod>2023-10-10T12:21Z</lastmod><changefreq>never</changefreq></url>
<url><loc>https://www.eaglelake-fla.com/code/page/code-enforcement-payments</loc><lastmod>2024-12-30T16:26Z</lastmod><changefreq>yearly</changefreq></url>
<url><loc>https://www.eaglelake-fla.com/community/meeting/regular-city-commission-meeting-19</loc><lastmod>2023-12-08T12:54Z</lastmod><changefreq>never</changefreq></url>
<url><loc>https://www.eaglelake-fla.com/library/page/library-preschool-story-time</loc><lastmod>2024-04-02T21:29Z</lastmod><changefreq>never</changefreq></url>
<url><loc>https://www.eaglelake-fla.com/clerk/page/presidential-preference-primary-election</loc><lastmod>2023-11-07T15:31Z</lastmod><changefreq>never</changefreq></url>
<url><loc>https://www.eaglelake-fla.com/clerk/page/primary-election</loc><lastmod>2023-11-07T15:31Z</lastmod><changefreq>never</changefreq></url>
<url><loc>https://www.eaglelake-fla.com/clerk/page/general-election</loc><lastmod>2023-11-07T15:32Z</lastmod><changefreq>never</changefreq></url>
<url><loc>https://www.eaglelake-fla.com/city/meeting/regular-city-commission-meeting-11</loc><lastmod>2024-02-09T16:12Z</lastmod><changefreq>never</changefreq></url>
<url><loc>https://www.eaglelake-fla.com/bc-pc/meeting/regular-planning-commission-meeting-0</loc><lastmod>2024-04-17T13:46Z</lastmod><changefreq>never</changefreq></url>
<url><loc>https://www.eaglelake-fla.com/utilities/page/irrigation-system-tips</loc><lastmod>2025-07-22T19:49Z</lastmod><changefreq>yearly</changefreq></url>
<url><loc>https://www.eaglelake-fla.com/utilities/page/citizens-request-complaint-form</loc><lastmod>2026-01-07T13:12Z</lastmod><changefreq>yearly</changefreq></url>
<url><loc>https://www.eaglelake-fla.com/code/page/report-code-violation</loc><lastmod>2025-11-12T19:35Z</lastmod><changefreq>yearly</changefreq></url>
<url><loc>https://www.eaglelake-fla.com/clerk/page/public-records-request</loc><lastmod>2024-04-05T11:49Z</lastmod><changefreq>never</changefreq></url>
<url><loc>https://www.eaglelake-fla.com/community/meeting/cancelled-regular-city-commission-meeting</loc><lastmod>2023-12-20T14:20Z</lastmod><changefreq>never</changefreq></url>
<url><loc>https://www.eaglelake-fla.com/city/meeting/special-city-commission-meeting</loc><lastmod>2024-02-09T16:19Z</lastmod><changefreq>never</changefreq></url>
<url><loc>https://www.eaglelake-fla.com/bc-cra/meeting/special-cra-meeting</loc><lastmod>2024-08-09T01:33Z</lastmod><changefreq>yearly</changefreq></url>
<url><loc>https://www.eaglelake-fla.com/community/page/schools-and-education</loc><lastmod>2023-12-29T16:14Z</lastmod><changefreq>never</changefreq></url>
<url><loc>https://www.eaglelake-fla.com/library/directory-listing/linda-barnett</loc><lastmod>2025-06-09T16:31Z</lastmod><changefreq>yearly</changefreq></url>
<url><loc>https://www.eaglelake-fla.com/library/page/library-arts-and-crafts-puffy-paint-snow-globes</loc><lastmod>2024-01-04T16:30Z</lastmod><changefreq>never</changefreq></url>
<url><loc>https://www.eaglelake-fla.com/library/page/library-arts-and-crafts-valentine-boxes</loc><lastmod>2024-01-04T16:32Z</lastmod><changefreq>never</changefreq></url>
<url><loc>https://www.eaglelake-fla.com/library/page/library-arts-and-crafts-valentine-boxes-0</loc><lastmod>2024-01-04T16:35Z</lastmod><changefreq>never</changefreq></url>
<url><loc>https://www.eaglelake-fla.com/library/page/library-stem-lab-mentos-and-coke</loc><lastmod>2024-01-04T16:36Z</lastmod><changefreq>never</changefreq></url>
<url><loc>https://www.eaglelake-fla.com/library/page/library-stem-lab-mentos-and-coke-0</loc><lastmod>2024-01-04T16:38Z</lastmod><changefreq>never</changefreq></url>
<url><loc>https://www.eaglelake-fla.com/library/page/library-stem-lab-heart-lava-lamps</loc><lastmod>2024-01-04T16:41Z</lastmod><changefreq>never</changefreq></url>
<url><loc>https://www.eaglelake-fla.com/library/page/library-stem-lab-heart-lava-lamps-0</loc><lastmod>2024-01-04T16:42Z</lastmod><changefreq>never</changefreq></url>
<url><loc>https://www.eaglelake-fla.com/library/page/library-scavenger-hunt-winter-animals</loc><lastmod>2024-01-04T16:44Z</lastmod><changefreq>never</changefreq></url>
<url><loc>https://www.eaglelake-fla.com/library/page/library-scavenger-hunt-winter-animals-0</loc><lastmod>2024-01-04T16:45Z</lastmod><changefreq>never</changefreq></url>
<url><loc>https://www.eaglelake-fla.com/library/page/library-scavenger-hunt-valentine-characters</loc><lastmod>2024-01-04T16:46Z</lastmod><changefreq>never</changefreq></url>
<url><loc>https://www.eaglelake-fla.com/library/page/library-scavenger-hunt-valentine-characters-0</loc><lastmod>2024-01-04T16:46Z</lastmod><changefreq>never</changefreq></url>
<url><loc>https://www.eaglelake-fla.com/library/page/library-arts-and-crafts-puffy-paint-snow-globes-0</loc><lastmod>2024-01-04T16:49Z</lastmod><changefreq>never</changefreq></url>
<url><loc>https://www.eaglelake-fla.com/city/meeting/regular-city-commission-meeting-4</loc><lastmod>2024-03-21T19:54Z</lastmod><changefreq>never</changefreq></url>
<url><loc>https://www.eaglelake-fla.com/community/page/city-eagle-lake-annual-patriotic-celebration</loc><lastmod>2024-05-10T12:46Z</lastmod><changefreq>yearly</changefreq></url>
<url><loc>https://www.eaglelake-fla.com/community/meeting/cancelled-regular-city-commission-meeting-0</loc><lastmod>2024-02-20T17:50Z</lastmod><changefreq>never</changefreq></url>
<url><loc>https://www.eaglelake-fla.com/library/page/library-arts-and-crafts-pi-bracelet</loc><lastmod>2024-02-26T15:18Z</lastmod><changefreq>never</changefreq></url>
<url><loc>https://www.eaglelake-fla.com/library/page/library-arts-and-crafts-pi-bracelet-0</loc><lastmod>2024-02-26T15:20Z</lastmod><changefreq>never</changefreq></url>
<url><loc>https://www.eaglelake-fla.com/library/page/library-stem-lab-magic-blooming-paper-flowers</loc><lastmod>2024-02-26T15:26Z</lastmod><changefreq>never</changefreq></url>
<url><loc>https://www.eaglelake-fla.com/library/page/library-stem-lab-magic-blooming-paper-flowers-0</loc><lastmod>2024-02-26T15:27Z</lastmod><changefreq>never</changefreq></url>
<url><loc>https://www.eaglelake-fla.com/library/page/library-scavenger-hunt-egg-hunt</loc><lastmod>2024-02-26T15:28Z</lastmod><changefreq>never</changefreq></url>
<url><loc>https://www.eaglelake-fla.com/library/page/library-scavenger-hunt-egg-hunt-0</loc><lastmod>2024-02-26T15:28Z</lastmod><changefreq>never</changefreq></url>
<url><loc>https://www.eaglelake-fla.com/library/page/library-school-age-story-time-0</loc><lastmod>2024-04-30T20:27Z</lastmod><changefreq>yearly</changefreq></url>
<url><loc>https://www.eaglelake-fla.com/city/meeting/regular-city-commission-meeting-12</loc><lastmod>2024-04-17T13:48Z</lastmod><changefreq>never</changefreq></url>
<url><loc>https://www.eaglelake-fla.com/community/meeting/cancelled-regular-city-commission-meeting-1</loc><lastmod>2024-03-18T17:50Z</lastmod><changefreq>never</changefreq></url>
<url><loc>https://www.eaglelake-fla.com/resources/page/business-impact-estimates</loc><lastmod>2025-12-04T15:58Z</lastmod><changefreq>yearly</changefreq></url>
<url><loc>https://www.eaglelake-fla.com/library/page/library-arts-and-crafts-friendship-sun-catcher</loc><lastmod>2024-04-02T21:33Z</lastmod><changefreq>never</changefreq></url>
<url><loc>https://www.eaglelake-fla.com/library/page/library-arts-and-crafts-friendship-sun-catcher-0</loc><lastmod>2024-04-02T21:33Z</lastmod><changefreq>never</changefreq></url>
<url><loc>https://www.eaglelake-fla.com/library/page/library-stem-lab-slime</loc><lastmod>2024-04-02T21:37Z</lastmod><changefreq>never</changefreq></url>
<url><loc>https://www.eaglelake-fla.com/library/page/library-stem-lab-slime-0</loc><lastmod>2024-04-02T21:37Z</lastmod><changefreq>never</changefreq></url>
<url><loc>https://www.eaglelake-fla.com/library/page/library-scavenger-hunt-outside-park</loc><lastmod>2024-04-02T21:38Z</lastmod><changefreq>never</changefreq></url>
<url><loc>https://www.eaglelake-fla.com/library/page/library-scavenger-hunt-outside-park-0</loc><lastmod>2024-04-02T21:39Z</lastmod><changefreq>never</changefreq></url>
<url><loc>https://www.eaglelake-fla.com/bc-pc/meeting/regular-planning-commission-meeting-1</loc><lastmod>2024-08-09T01:27Z</lastmod><changefreq>yearly</changefreq></url>
<url><loc>https://www.eaglelake-fla.com/community/meeting/cancelled-regular-city-commission-meeting-2</loc><lastmod>2024-04-03T13:08Z</lastmod><changefreq>never</changefreq></url>
<url><loc>https://www.eaglelake-fla.com/community/meeting/cancelled-regular-cra-meeting</loc><lastmod>2024-04-03T13:07Z</lastmod><changefreq>never</changefreq></url>
<url><loc>https://www.eaglelake-fla.com/city/meeting/regular-city-commission-meeting-13</loc><lastmod>2024-09-17T17:48Z</lastmod><changefreq>yearly</changefreq></url>
<url><loc>https://www.eaglelake-fla.com/home-page/page/good-friday</loc><lastmod>2024-04-19T13:23Z</lastmod><changefreq>never</changefreq></url>
<url><loc>https://www.eaglelake-fla.com/home-page/page/presidents-day</loc><lastmod>2024-04-19T13:24Z</lastmod><changefreq>never</changefreq></url>
<url><loc>https://www.eaglelake-fla.com/home-page/page/memorial-day</loc><lastmod>2024-04-19T13:25Z</lastmod><changefreq>never</changefreq></url>
<url><loc>https://www.eaglelake-fla.com/home-page/page/independence-day</loc><lastmod>2024-04-19T13:27Z</lastmod><changefreq>never</changefreq></url>
<url><loc>https://www.eaglelake-fla.com/home-page/page/city-hall-closed</loc><lastmod>2024-04-19T13:28Z</lastmod><changefreq>never</changefreq></url>
<url><loc>https://www.eaglelake-fla.com/home-page/page/labor-day</loc><lastmod>2024-04-19T13:29Z</lastmod><changefreq>never</changefreq></url>
<url><loc>https://www.eaglelake-fla.com/home-page/page/veterans-day</loc><lastmod>2024-04-19T13:30Z</lastmod><changefreq>never</changefreq></url>
<url><loc>https://www.eaglelake-fla.com/home-page/page/thanksgiving</loc><lastmod>2024-04-19T13:31Z</lastmod><changefreq>never</changefreq></url>
<url><loc>https://www.eaglelake-fla.com/home-page/page/city-hall-closed-0</loc><lastmod>2024-04-19T13:32Z</lastmod><changefreq>never</changefreq></url>
<url><loc>https://www.eaglelake-fla.com/home-page/page/christmas-day</loc><lastmod>2024-04-19T13:34Z</lastmod><changefreq>never</changefreq></url>
<url><loc>https://www.eaglelake-fla.com/home-page/page/christmas-eve</loc><lastmod>2024-04-19T13:34Z</lastmod><changefreq>never</changefreq></url>
<url><loc>https://www.eaglelake-fla.com/home-page/page/city-hall-closed-1</loc><lastmod>2024-04-19T13:36Z</lastmod><changefreq>never</changefreq></url>
<url><loc>https://www.eaglelake-fla.com/home-page/page/christmas-luncheon</loc><lastmod>2024-04-19T13:39Z</lastmod><changefreq>never</changefreq></url>
<url><loc>https://www.eaglelake-fla.com/city/directory-listing/cory-coler-0</loc><lastmod>2025-05-08T21:36Z</lastmod><changefreq>yearly</changefreq></url>
<url><loc>https://www.eaglelake-fla.com/city/directory-listing/vacant-seat</loc><lastmod>2026-02-12T13:25Z</lastmod><changefreq>yearly</changefreq></url>
<url><loc>https://www.eaglelake-fla.com/library/page/library-school-age-story-time-1</loc><lastmod>2024-04-30T20:25Z</lastmod><changefreq>yearly</changefreq></url>
<url><loc>https://www.eaglelake-fla.com/city/meeting/regular-city-commission-meeting-14</loc><lastmod>2024-06-04T13:33Z</lastmod><changefreq>yearly</changefreq></url>
<url><loc>https://www.eaglelake-fla.com/bc-cra/meeting/cra-meeting</loc><lastmod>2024-10-01T01:21Z</lastmod><changefreq>yearly</changefreq></url>
<url><loc>https://www.eaglelake-fla.com/library/page/library-preschool-story-time-0</loc><lastmod>2024-04-30T19:57Z</lastmod><changefreq>yearly</changefreq></url>
<url><loc>https://www.eaglelake-fla.com/library/page/library-arts-and-crafts-mothers-day-cards</loc><lastmod>2024-04-30T20:30Z</lastmod><changefreq>yearly</changefreq></url>
<url><loc>https://www.eaglelake-fla.com/library/page/library-arts-and-crafts-mothers-day-cards-0</loc><lastmod>2024-04-30T20:34Z</lastmod><changefreq>yearly</changefreq></url>
<url><loc>https://www.eaglelake-fla.com/library/page/library-stem-lab-catapult</loc><lastmod>2024-04-30T20:36Z</lastmod><changefreq>yearly</changefreq></url>
<url><loc>https://www.eaglelake-fla.com/library/page/library-stem-lab-catapult-0</loc><lastmod>2024-04-30T20:37Z</lastmod><changefreq>yearly</changefreq></url>
<url><loc>https://www.eaglelake-fla.com/library/page/library-scavenger-hunt-space</loc><lastmod>2024-04-30T20:38Z</lastmod><changefreq>yearly</changefreq></url>
<url><loc>https://www.eaglelake-fla.com/library/page/library-scavenger-hunt-space-0</loc><lastmod>2024-04-30T20:40Z</lastmod><changefreq>yearly</changefreq></url>
<url><loc>https://www.eaglelake-fla.com/city/meeting/cancelled-regular-city-commission-meeting</loc><lastmod>2024-05-14T19:24Z</lastmod><changefreq>yearly</changefreq></url>
<url><loc>https://www.eaglelake-fla.com/city/meeting/cancelled-regular-planning-commission-meeting</loc><lastmod>2024-05-14T19:31Z</lastmod><changefreq>yearly</changefreq></url>
<url><loc>https://www.eaglelake-fla.com/city/meeting/regular-city-commission-meeting-15</loc><lastmod>2024-07-22T19:48Z</lastmod><changefreq>yearly</changefreq></url>
<url><loc>https://www.eaglelake-fla.com/library/page/library-summer-story-time</loc><lastmod>2024-05-29T14:50Z</lastmod><changefreq>yearly</changefreq></url>
<url><loc>https://www.eaglelake-fla.com/library/page/library-summer-story-time-0</loc><lastmod>2024-05-29T14:52Z</lastmod><changefreq>yearly</changefreq></url>
<url><loc>https://www.eaglelake-fla.com/library/page/library-summer-story-time-1</loc><lastmod>2024-05-29T14:53Z</lastmod><changefreq>yearly</changefreq></url>
<url><loc>https://www.eaglelake-fla.com/library/page/library-summer-story-time-2</loc><lastmod>2024-05-29T14:53Z</lastmod><changefreq>yearly</changefreq></url>
<url><loc>https://www.eaglelake-fla.com/library/page/library-summer-story-time-3</loc><lastmod>2024-05-29T14:54Z</lastmod><changefreq>yearly</changefreq></url>
<url><loc>https://www.eaglelake-fla.com/library/page/library-summer-story-time-4</loc><lastmod>2024-05-29T14:54Z</lastmod><changefreq>yearly</changefreq></url>
<url><loc>https://www.eaglelake-fla.com/library/page/library-summer-stem-lab</loc><lastmod>2024-05-29T14:57Z</lastmod><changefreq>yearly</changefreq></url>
<url><loc>https://www.eaglelake-fla.com/library/page/library-make-take-crafts</loc><lastmod>2024-05-29T15:05Z</lastmod><changefreq>yearly</changefreq></url>
<url><loc>https://www.eaglelake-fla.com/library/page/library-make-take-crafts-0</loc><lastmod>2024-05-29T15:06Z</lastmod><changefreq>yearly</changefreq></url>
<url><loc>https://www.eaglelake-fla.com/library/page/library-summer-stem-lab-0</loc><lastmod>2024-05-29T15:06Z</lastmod><changefreq>yearly</changefreq></url>
<url><loc>https://www.eaglelake-fla.com/library/page/library-summer-stem-lab-1</loc><lastmod>2024-05-29T15:07Z</lastmod><changefreq>yearly</changefreq></url>
<url><loc>https://www.eaglelake-fla.com/library/page/library-summer-stem-lab-2</loc><lastmod>2024-05-29T15:08Z</lastmod><changefreq>yearly</changefreq></url>
<url><loc>https://www.eaglelake-fla.com/library/page/library-summer-stem-lab-3</loc><lastmod>2024-05-29T15:08Z</lastmod><changefreq>yearly</changefreq></url>
<url><loc>https://www.eaglelake-fla.com/library/page/library-summer-stem-lab-4</loc><lastmod>2024-05-29T15:09Z</lastmod><changefreq>yearly</changefreq></url>
<url><loc>https://www.eaglelake-fla.com/library/page/library-summer-stem-lab-5</loc><lastmod>2024-05-29T15:09Z</lastmod><changefreq>yearly</changefreq></url>
<url><loc>https://www.eaglelake-fla.com/library/page/library-make-take-crafts-1</loc><lastmod>2024-05-29T15:10Z</lastmod><changefreq>yearly</changefreq></url>
<url><loc>https://www.eaglelake-fla.com/library/page/library-make-take-crafts-2</loc><lastmod>2024-05-29T15:13Z</lastmod><changefreq>yearly</changefreq></url>
<url><loc>https://www.eaglelake-fla.com/library/page/library-make-take-crafts-3</loc><lastmod>2024-05-29T15:14Z</lastmod><changefreq>yearly</changefreq></url>
<url><loc>https://www.eaglelake-fla.com/library/page/library-make-take-crafts-4</loc><lastmod>2024-05-29T15:14Z</lastmod><changefreq>yearly</changefreq></url>
<url><loc>https://www.eaglelake-fla.com/library/page/library-make-take-crafts-5</loc><lastmod>2024-05-29T15:15Z</lastmod><changefreq>yearly</changefreq></url>
<url><loc>https://www.eaglelake-fla.com/city/meeting/cancelled-regular-city-commission-meeting-0</loc><lastmod>2024-06-12T11:45Z</lastmod><changefreq>yearly</changefreq></url>
<url><loc>https://www.eaglelake-fla.com/utilities/faq/does-city-test-lead-drinking-water</loc><lastmod>2024-06-13T13:30Z</lastmod><changefreq>yearly</changefreq></url>
<url><loc>https://www.eaglelake-fla.com/building/faq/my-permit-passed-final-inspection-and-i-need-certificate-occupancycompletion-issued</loc><lastmod>2024-06-13T13:24Z</lastmod><changefreq>yearly</changefreq></url>
<url><loc>https://www.eaglelake-fla.com/building/faq/what-should-we-do-if-we-are-going-start-and-finish-roof-work-over-weekend-or-day</loc><lastmod>2024-06-13T13:33Z</lastmod><changefreq>yearly</changefreq></url>
<url><loc>https://www.eaglelake-fla.com/utilities/faq/what-should-i-expect-when-i-forget-pay-and-my-account-past-due</loc><lastmod>2024-06-13T14:00Z</lastmod><changefreq>yearly</changefreq></url>
<url><loc>https://www.eaglelake-fla.com/utilities/faq/can-i-pay-my-bill-third-party</loc><lastmod>2024-06-13T14:03Z</lastmod><changefreq>yearly</changefreq></url>
<url><loc>https://www.eaglelake-fla.com/city/meeting/cancelled-regular-planning-commission-meeting-0</loc><lastmod>2024-06-21T15:20Z</lastmod><changefreq>yearly</changefreq></url>
<url><loc>https://www.eaglelake-fla.com/city/meeting/cancelled-regular-cra-meeting</loc><lastmod>2024-06-21T14:12Z</lastmod><changefreq>yearly</changefreq></url>
<url><loc>https://www.eaglelake-fla.com/city/meeting/regular-city-commission-meeting-16</loc><lastmod>2024-08-09T01:36Z</lastmod><changefreq>yearly</changefreq></url>
<url><loc>https://www.eaglelake-fla.com/city/meeting/cancelled-regular-city-commission-meeting-1</loc><lastmod>2024-07-08T12:51Z</lastmod><changefreq>yearly</changefreq></url>
<url><loc>https://www.eaglelake-fla.com/code/meeting/cancelled-special-magistrate-code-compliance-meeting</loc><lastmod>2024-07-25T12:34Z</lastmod><changefreq>yearly</changefreq></url>
<url><loc>https://www.eaglelake-fla.com/city/meeting/regular-city-commission-meeting-17</loc><lastmod>2024-09-17T17:45Z</lastmod><changefreq>yearly</changefreq></url>
<url><loc>https://www.eaglelake-fla.com/bc-pc/meeting/regular-planning-commission-meeting-2</loc><lastmod>2025-07-14T11:53Z</lastmod><changefreq>yearly</changefreq></url>
<url><loc>https://www.eaglelake-fla.com/building/page/permit-faqs</loc><lastmod>2024-07-29T16:30Z</lastmod><changefreq>yearly</changefreq></url>
<url><loc>https://www.eaglelake-fla.com/public-works/page/public-works-department</loc><lastmod>2025-07-22T20:34Z</lastmod><changefreq>yearly</changefreq></url>
<url><loc>https://www.eaglelake-fla.com/public-works/page/2024-street-resurfacing-list</loc><lastmod>2024-08-07T20:33Z</lastmod><changefreq>yearly</changefreq></url>
<url><loc>https://www.eaglelake-fla.com/public-works</loc><lastmod>2024-08-07T17:11Z</lastmod><changefreq>yearly</changefreq></url>
<url><loc>https://www.eaglelake-fla.com/code/job-opening/administrative-assistant</loc><lastmod>2024-10-05T02:43Z</lastmod><changefreq>yearly</changefreq></url>
<url><loc>https://www.eaglelake-fla.com/utilities/job-opening/customer-service-supervisor-utility-billing</loc><lastmod>2024-10-05T02:42Z</lastmod><changefreq>yearly</changefreq></url>
<url><loc>https://www.eaglelake-fla.com/library/page/library-preschool-story-time-1</loc><lastmod>2024-08-12T19:52Z</lastmod><changefreq>yearly</changefreq></url>
<url><loc>https://www.eaglelake-fla.com/library/page/library-preschool-story-time-2</loc><lastmod>2024-08-12T19:52Z</lastmod><changefreq>yearly</changefreq></url>
<url><loc>https://www.eaglelake-fla.com/library/page/library-preschool-story-time-3</loc><lastmod>2024-08-12T19:53Z</lastmod><changefreq>yearly</changefreq></url>
<url><loc>https://www.eaglelake-fla.com/library/page/library-preschool-story-time-4</loc><lastmod>2024-08-12T19:53Z</lastmod><changefreq>yearly</changefreq></url>
<url><loc>https://www.eaglelake-fla.com/library/page/library-preschool-story-time-5</loc><lastmod>2024-08-12T19:54Z</lastmod><changefreq>yearly</changefreq></url>
<url><loc>https://www.eaglelake-fla.com/library/page/library-preschool-story-time-6</loc><lastmod>2024-08-12T19:54Z</lastmod><changefreq>yearly</changefreq></url>
<url><loc>https://www.eaglelake-fla.com/library/page/library-preschool-story-time-7</loc><lastmod>2024-08-12T19:55Z</lastmod><changefreq>yearly</changefreq></url>
<url><loc>https://www.eaglelake-fla.com/library/page/library-stem-lab</loc><lastmod>2024-08-12T20:11Z</lastmod><changefreq>yearly</changefreq></url>
<url><loc>https://www.eaglelake-fla.com/library/page/library-stem-lab-0</loc><lastmod>2024-08-12T20:40Z</lastmod><changefreq>yearly</changefreq></url>
<url><loc>https://www.eaglelake-fla.com/library/page/library-read-aloud</loc><lastmod>2024-08-12T21:26Z</lastmod><changefreq>yearly</changefreq></url>
<url><loc>https://www.eaglelake-fla.com/library/page/library-library-challenge</loc><lastmod>2024-08-12T21:46Z</lastmod><changefreq>yearly</changefreq></url>
<url><loc>https://www.eaglelake-fla.com/library/page/library-read-aloud-0</loc><lastmod>2024-08-13T16:50Z</lastmod><changefreq>yearly</changefreq></url>
<url><loc>https://www.eaglelake-fla.com/library/page/library-arts-and-crafts</loc><lastmod>2024-08-13T17:11Z</lastmod><changefreq>yearly</changefreq></url>
<url><loc>https://www.eaglelake-fla.com/library/page/library-board-games</loc><lastmod>2024-08-13T17:33Z</lastmod><changefreq>yearly</changefreq></url>
<url><loc>https://www.eaglelake-fla.com/city/meeting/regular-city-commission-meeting-18</loc><lastmod>2024-12-13T17:26Z</lastmod><changefreq>yearly</changefreq></url>
<url><loc>https://www.eaglelake-fla.com/city/meeting/regular-cra-meeting</loc><lastmod>2024-12-13T17:28Z</lastmod><changefreq>yearly</changefreq></url>
<url><loc>https://www.eaglelake-fla.com/city/meeting/special-city-commission-meeting-0</loc><lastmod>2024-12-13T17:30Z</lastmod><changefreq>yearly</changefreq></url>
<url><loc>https://www.eaglelake-fla.com/utilities/faq/how-do-i-disconnect-my-utility-service</loc><lastmod>2024-09-13T18:34Z</lastmod><changefreq>yearly</changefreq></url>
<url><loc>https://www.eaglelake-fla.com/library/page/library-preschool-story-time-8</loc><lastmod>2024-09-25T21:48Z</lastmod><changefreq>yearly</changefreq></url>
<url><loc>https://www.eaglelake-fla.com/library/page/library-preschool-story-time-9</loc><lastmod>2024-09-25T21:48Z</lastmod><changefreq>yearly</changefreq></url>
<url><loc>https://www.eaglelake-fla.com/library/page/library-preschool-story-time-10</loc><lastmod>2024-09-25T21:49Z</lastmod><changefreq>yearly</changefreq></url>
<url><loc>https://www.eaglelake-fla.com/library/page/library-preschool-story-time-11</loc><lastmod>2024-09-25T21:49Z</lastmod><changefreq>yearly</changefreq></url>
<url><loc>https://www.eaglelake-fla.com/library/page/library-preschool-story-time-12</loc><lastmod>2024-09-25T21:49Z</lastmod><changefreq>yearly</changefreq></url>
<url><loc>https://www.eaglelake-fla.com/library/page/library-preschool-story-time-13</loc><lastmod>2024-09-25T21:50Z</lastmod><changefreq>yearly</changefreq></url>
<url><loc>https://www.eaglelake-fla.com/library/page/library-preschool-story-time-14</loc><lastmod>2024-09-25T21:50Z</lastmod><changefreq>yearly</changefreq></url>
<url><loc>https://www.eaglelake-fla.com/library/page/library-preschool-story-time-15</loc><lastmod>2024-09-25T21:50Z</lastmod><changefreq>yearly</changefreq></url>
<url><loc>https://www.eaglelake-fla.com/library/page/library-games-0</loc><lastmod>2024-09-25T21:55Z</lastmod><changefreq>yearly</changefreq></url>
<url><loc>https://www.eaglelake-fla.com/library/page/library-games</loc><lastmod>2024-09-26T14:27Z</lastmod><changefreq>yearly</changefreq></url>
<url><loc>https://www.eaglelake-fla.com/library/page/library-arts-and-crafts-0</loc><lastmod>2024-09-25T22:02Z</lastmod><changefreq>yearly</changefreq></url>
<url><loc>https://www.eaglelake-fla.com/library/page/library-arts-and-crafts-1</loc><lastmod>2024-09-25T22:05Z</lastmod><changefreq>yearly</changefreq></url>
<url><loc>https://www.eaglelake-fla.com/library/page/library-stem-lab-1</loc><lastmod>2024-09-26T13:52Z</lastmod><changefreq>yearly</changefreq></url>
<url><loc>https://www.eaglelake-fla.com/library/page/library-stem-lab-2</loc><lastmod>2024-09-26T13:58Z</lastmod><changefreq>yearly</changefreq></url>
<url><loc>https://www.eaglelake-fla.com/library/page/library-read-aloud-1</loc><lastmod>2024-09-26T14:32Z</lastmod><changefreq>yearly</changefreq></url>
<url><loc>https://www.eaglelake-fla.com/library/page/library-library-challenge-0</loc><lastmod>2024-09-26T14:25Z</lastmod><changefreq>yearly</changefreq></url>
<url><loc>https://www.eaglelake-fla.com/city/meeting/cancelled-regular-city-commission-meeting-2</loc><lastmod>2024-10-07T14:14Z</lastmod><changefreq>yearly</changefreq></url>
<url><loc>https://www.eaglelake-fla.com/bc-cra/meeting/cancelled-regular-cra-meeting</loc><lastmod>2024-10-07T14:15Z</lastmod><changefreq>yearly</changefreq></url>
<url><loc>https://www.eaglelake-fla.com/community/page/trick-or-treat-lane-0</loc><lastmod>2024-10-05T02:35Z</lastmod><changefreq>yearly</changefreq></url>
<url><loc>https://www.eaglelake-fla.com/community/page/community-clean</loc><lastmod>2024-10-05T02:35Z</lastmod><changefreq>yearly</changefreq></url>
<url><loc>https://www.eaglelake-fla.com/city/meeting/emergency-city-commission-meeting</loc><lastmod>2024-12-13T16:52Z</lastmod><changefreq>yearly</changefreq></url>
<url><loc>https://www.eaglelake-fla.com/city/meeting/cancelled-regular-city-commission-meeting-3</loc><lastmod>2024-10-18T13:10Z</lastmod><changefreq>yearly</changefreq></url>
<url><loc>https://www.eaglelake-fla.com/city/meeting/regular-city-commission-meeting-19</loc><lastmod>2025-01-07T13:44Z</lastmod><changefreq>yearly</changefreq></url>
<url><loc>https://www.eaglelake-fla.com/city/meeting/regular-cra-meeting-0</loc><lastmod>2025-06-10T17:26Z</lastmod><changefreq>yearly</changefreq></url>
<url><loc>https://www.eaglelake-fla.com/city/meeting/regular-planning-commission-meeting</loc><lastmod>2025-01-07T13:40Z</lastmod><changefreq>yearly</changefreq></url>
<url><loc>https://www.eaglelake-fla.com/community/page/eagle-lake-christmas-parade</loc><lastmod>2024-11-01T16:27Z</lastmod><changefreq>yearly</changefreq></url>
<url><loc>https://www.eaglelake-fla.com/community/page/christmas-parade-entry-form</loc><lastmod>2025-08-28T13:09Z</lastmod><changefreq>yearly</changefreq></url>
<url><loc>https://www.eaglelake-fla.com/city/meeting/cancelled-regular-city-commission-meeting-4</loc><lastmod>2024-11-12T17:45Z</lastmod><changefreq>yearly</changefreq></url>
<url><loc>https://www.eaglelake-fla.com/resources/job-opening/utility-billing-customer-service-representative</loc><lastmod>2025-10-20T22:11Z</lastmod><changefreq>yearly</changefreq></url>
<url><loc>https://www.eaglelake-fla.com/library/page/library-preschool-story-time-16</loc><lastmod>2024-11-20T20:59Z</lastmod><changefreq>yearly</changefreq></url>
<url><loc>https://www.eaglelake-fla.com/library/page/library-preschool-story-time-17</loc><lastmod>2024-11-20T20:29Z</lastmod><changefreq>yearly</changefreq></url>
<url><loc>https://www.eaglelake-fla.com/library/page/library-preschool-story-time-18</loc><lastmod>2024-11-20T20:29Z</lastmod><changefreq>yearly</changefreq></url>
<url><loc>https://www.eaglelake-fla.com/library/page/library-preschool-story-time-19</loc><lastmod>2024-11-20T20:30Z</lastmod><changefreq>yearly</changefreq></url>
<url><loc>https://www.eaglelake-fla.com/library/page/library-preschool-story-time-20</loc><lastmod>2024-11-20T20:30Z</lastmod><changefreq>yearly</changefreq></url>
<url><loc>https://www.eaglelake-fla.com/library/page/library-preschool-story-time-21</loc><lastmod>2024-11-20T20:30Z</lastmod><changefreq>yearly</changefreq></url>
<url><loc>https://www.eaglelake-fla.com/library/page/library-preschool-story-time-22</loc><lastmod>2024-11-20T20:31Z</lastmod><changefreq>yearly</changefreq></url>
<url><loc>https://www.eaglelake-fla.com/library/page/library-preschool-story-time-23</loc><lastmod>2024-11-20T20:31Z</lastmod><changefreq>yearly</changefreq></url>
<url><loc>https://www.eaglelake-fla.com/library/page/library-preschool-story-time-24</loc><lastmod>2024-11-20T20:31Z</lastmod><changefreq>yearly</changefreq></url>
<url><loc>https://www.eaglelake-fla.com/library/page/library-games-1</loc><lastmod>2024-11-20T20:33Z</lastmod><changefreq>yearly</changefreq></url>
<url><loc>https://www.eaglelake-fla.com/library/page/library-games-2</loc><lastmod>2024-11-20T20:34Z</lastmod><changefreq>yearly</changefreq></url>
<url><loc>https://www.eaglelake-fla.com/library/page/library-library-challenge-1</loc><lastmod>2024-11-20T20:40Z</lastmod><changefreq>yearly</changefreq></url>
<url><loc>https://www.eaglelake-fla.com/library/page/library-read-aloud-2</loc><lastmod>2024-11-20T20:41Z</lastmod><changefreq>yearly</changefreq></url>
<url><loc>https://www.eaglelake-fla.com/library/page/library-read-aloud-3</loc><lastmod>2024-11-20T20:48Z</lastmod><changefreq>yearly</changefreq></url>
<url><loc>https://www.eaglelake-fla.com/library/page/library-arts-and-crafts-2</loc><lastmod>2024-11-20T22:29Z</lastmod><changefreq>yearly</changefreq></url>
<url><loc>https://www.eaglelake-fla.com/library/page/library-arts-and-crafts-3</loc><lastmod>2024-11-20T22:32Z</lastmod><changefreq>yearly</changefreq></url>
<url><loc>https://www.eaglelake-fla.com/library/page/library-stem-lab-3</loc><lastmod>2024-11-20T22:39Z</lastmod><changefreq>yearly</changefreq></url>
<url><loc>https://www.eaglelake-fla.com/library/page/library-stem-lab-4</loc><lastmod>2024-11-20T22:45Z</lastmod><changefreq>yearly</changefreq></url>
<url><loc>https://www.eaglelake-fla.com/city/meeting/regular-city-commission-meeting-20</loc><lastmod>2025-02-03T20:53Z</lastmod><changefreq>yearly</changefreq></url>
<url><loc>https://www.eaglelake-fla.com/city/meeting/regular-planning-commission-meeting-0</loc><lastmod>2025-03-12T12:52Z</lastmod><changefreq>yearly</changefreq></url>
<url><loc>https://www.eaglelake-fla.com/code/directory-listing/yvonne-lester</loc><lastmod>2025-05-19T17:01Z</lastmod><changefreq>yearly</changefreq></url>
<url><loc>https://www.eaglelake-fla.com/city/meeting/regular-city-commission-meeting-21</loc><lastmod>2025-03-12T12:54Z</lastmod><changefreq>yearly</changefreq></url>
<url><loc>https://www.eaglelake-fla.com/home-page/page/christmas-day-0</loc><lastmod>2025-01-10T18:40Z</lastmod><changefreq>yearly</changefreq></url>
<url><loc>https://www.eaglelake-fla.com/home-page/page/christmas-eve-0</loc><lastmod>2025-01-10T18:40Z</lastmod><changefreq>yearly</changefreq></url>
<url><loc>https://www.eaglelake-fla.com/city/meeting/cancelled-regular-city-commission-meeting-5</loc><lastmod>2025-01-14T14:50Z</lastmod><changefreq>yearly</changefreq></url>
<url><loc>https://www.eaglelake-fla.com/code/meeting/special-magistrate-hearing</loc><lastmod>2025-07-23T20:14Z</lastmod><changefreq>yearly</changefreq></url>
<url><loc>https://www.eaglelake-fla.com/home-page/page/city-hall-closed-2</loc><lastmod>2025-01-19T21:45Z</lastmod><changefreq>yearly</changefreq></url>
<url><loc>https://www.eaglelake-fla.com/library/page/library-preschool-story-time-25</loc><lastmod>2025-01-27T20:43Z</lastmod><changefreq>yearly</changefreq></url>
<url><loc>https://www.eaglelake-fla.com/library/page/library-preschool-story-time-26</loc><lastmod>2025-01-27T20:43Z</lastmod><changefreq>yearly</changefreq></url>
<url><loc>https://www.eaglelake-fla.com/library/page/library-preschool-story-time-27</loc><lastmod>2025-01-27T20:44Z</lastmod><changefreq>yearly</changefreq></url>
<url><loc>https://www.eaglelake-fla.com/library/page/library-preschool-story-time-28</loc><lastmod>2025-01-27T20:44Z</lastmod><changefreq>yearly</changefreq></url>
<url><loc>https://www.eaglelake-fla.com/library/page/library-preschool-story-time-29</loc><lastmod>2025-01-27T20:45Z</lastmod><changefreq>yearly</changefreq></url>
<url><loc>https://www.eaglelake-fla.com/library/page/library-preschool-story-time-30</loc><lastmod>2025-01-27T20:45Z</lastmod><changefreq>yearly</changefreq></url>
<url><loc>https://www.eaglelake-fla.com/library/page/library-preschool-story-time-31</loc><lastmod>2025-01-27T20:46Z</lastmod><changefreq>yearly</changefreq></url>
<url><loc>https://www.eaglelake-fla.com/library/page/library-preschool-story-time-32</loc><lastmod>2025-01-27T20:46Z</lastmod><changefreq>yearly</changefreq></url>
<url><loc>https://www.eaglelake-fla.com/library/page/library-board-games-0</loc><lastmod>2025-01-27T20:53Z</lastmod><changefreq>yearly</changefreq></url>
<url><loc>https://www.eaglelake-fla.com/library/page/library-legos</loc><lastmod>2025-01-27T20:52Z</lastmod><changefreq>yearly</changefreq></url>
<url><loc>https://www.eaglelake-fla.com/library/page/library-arts-and-crafts-4</loc><lastmod>2025-01-29T16:15Z</lastmod><changefreq>yearly</changefreq></url>
<url><loc>https://www.eaglelake-fla.com/library/page/library-arts-and-crafts-5</loc><lastmod>2025-01-29T16:27Z</lastmod><changefreq>yearly</changefreq></url>
<url><loc>https://www.eaglelake-fla.com/library/page/library-stem-lab-5</loc><lastmod>2025-01-29T16:27Z</lastmod><changefreq>yearly</changefreq></url>
<url><loc>https://www.eaglelake-fla.com/library/page/library-stem-lab-6</loc><lastmod>2025-01-27T21:46Z</lastmod><changefreq>yearly</changefreq></url>
<url><loc>https://www.eaglelake-fla.com/library/page/library-read-aloud-4</loc><lastmod>2025-01-29T15:46Z</lastmod><changefreq>yearly</changefreq></url>
<url><loc>https://www.eaglelake-fla.com/library/page/library-read-aloud-5</loc><lastmod>2025-01-29T16:10Z</lastmod><changefreq>yearly</changefreq></url>
<url><loc>https://www.eaglelake-fla.com/resources/job-opening/code-enforcement-administrative-assistant</loc><lastmod>2025-10-20T22:10Z</lastmod><changefreq>yearly</changefreq></url>
<url><loc>https://www.eaglelake-fla.com/bc-cra/meeting/cancelled-regular-cra-meeting-0</loc><lastmod>2025-01-29T21:30Z</lastmod><changefreq>yearly</changefreq></url>
<url><loc>https://www.eaglelake-fla.com/bc-pc/meeting/cancelled-regular-planning-commission-meeting</loc><lastmod>2025-01-29T21:30Z</lastmod><changefreq>yearly</changefreq></url>
<url><loc>https://www.eaglelake-fla.com/city/meeting/regular-city-commission-meeting-22</loc><lastmod>2025-03-12T12:55Z</lastmod><changefreq>yearly</changefreq></url>
<url><loc>https://www.eaglelake-fla.com/city/meeting/cancelled-regular-city-commission-meeting-6</loc><lastmod>2025-02-11T13:00Z</lastmod><changefreq>yearly</changefreq></url>
<url><loc>https://www.eaglelake-fla.com/home-page/page/city-hall-closed-3</loc><lastmod>2025-02-11T15:35Z</lastmod><changefreq>yearly</changefreq></url>
<url><loc>https://www.eaglelake-fla.com/city/meeting/regular-city-commission-meeting-23</loc><lastmod>2025-05-15T13:36Z</lastmod><changefreq>yearly</changefreq></url>
<url><loc>https://www.eaglelake-fla.com/city/meeting/regular-planning-commission-meeting-1</loc><lastmod>2025-05-15T13:33Z</lastmod><changefreq>yearly</changefreq></url>
<url><loc>https://www.eaglelake-fla.com/city/meeting/cancelled-regular-city-commission-meeting-7</loc><lastmod>2025-03-12T12:50Z</lastmod><changefreq>yearly</changefreq></url>
<url><loc>https://www.eaglelake-fla.com/city/meeting/regular-city-commission-meeting-24</loc><lastmod>2025-06-10T17:35Z</lastmod><changefreq>yearly</changefreq></url>
<url><loc>https://www.eaglelake-fla.com/city/meeting/regular-city-commission-meeting-25</loc><lastmod>2025-05-15T13:38Z</lastmod><changefreq>yearly</changefreq></url>
<url><loc>https://www.eaglelake-fla.com/city/meeting/cancelled-regular-city-commission-meeting-8</loc><lastmod>2025-05-15T12:45Z</lastmod><changefreq>yearly</changefreq></url>
<url><loc>https://www.eaglelake-fla.com/city/meeting/regular-planning-commission-meeting-2</loc><lastmod>2025-06-10T17:29Z</lastmod><changefreq>yearly</changefreq></url>
<url><loc>https://www.eaglelake-fla.com/bc-cra/meeting/regular-cra-meeting-3</loc><lastmod>2025-07-14T11:56Z</lastmod><changefreq>yearly</changefreq></url>
<url><loc>https://www.eaglelake-fla.com/finance/page/audits</loc><lastmod>2025-05-15T19:06Z</lastmod><changefreq>yearly</changefreq></url>
<url><loc>https://www.eaglelake-fla.com/community/page/city-eagle-lake-annual-patriotic-celebration-0</loc><lastmod>2025-05-15T19:20Z</lastmod><changefreq>yearly</changefreq></url>
<url><loc>https://www.eaglelake-fla.com/code/meeting/special-magistrate-hearing-0</loc><lastmod>2025-09-16T12:19Z</lastmod><changefreq>yearly</changefreq></url>
<url><loc>https://www.eaglelake-fla.com/code/meeting/special-magistrate-hearing-1</loc><lastmod>2025-05-20T14:10Z</lastmod><changefreq>yearly</changefreq></url>
<url><loc>https://www.eaglelake-fla.com/city/page/home-rule-hero-award</loc><lastmod>2025-05-20T17:15Z</lastmod><changefreq>yearly</changefreq></url>
<url><loc>https://www.eaglelake-fla.com/city/page/2025-home-rule-hero-cory-coler-mayor</loc><lastmod>2026-02-03T14:33Z</lastmod><changefreq>yearly</changefreq></url>
<url><loc>https://www.eaglelake-fla.com/clerk/page/2025-home-rule-hero-dawn-wright-city-clerk</loc><lastmod>2025-07-23T19:06Z</lastmod><changefreq>yearly</changefreq></url>
<url><loc>https://www.eaglelake-fla.com/home-page/page/memorial-day-0</loc><lastmod>2025-05-21T16:58Z</lastmod><changefreq>yearly</changefreq></url>
<url><loc>https://www.eaglelake-fla.com/city/meeting/regular-city-commission-meeting-26</loc><lastmod>2025-07-14T11:58Z</lastmod><changefreq>yearly</changefreq></url>
<url><loc>https://www.eaglelake-fla.com/bc-pc/meeting/regular-planning-commission-meeting-3</loc><lastmod>2025-09-08T20:58Z</lastmod><changefreq>yearly</changefreq></url>
<url><loc>https://www.eaglelake-fla.com/bc-cra/meeting/regular-cra-meeting-4</loc><lastmod>2025-09-08T21:01Z</lastmod><changefreq>yearly</changefreq></url>
<url><loc>https://www.eaglelake-fla.com/city/meeting/regular-city-commission-meeting-27</loc><lastmod>2025-07-14T11:58Z</lastmod><changefreq>yearly</changefreq></url>
<url><loc>https://www.eaglelake-fla.com/city/meeting/regular-city-commission-meeting-28</loc><lastmod>2025-09-08T20:55Z</lastmod><changefreq>yearly</changefreq></url>
<url><loc>https://www.eaglelake-fla.com/bc-cra/meeting/cancelled-regular-cra-meeting-1</loc><lastmod>2025-07-02T14:05Z</lastmod><changefreq>yearly</changefreq></url>
<url><loc>https://www.eaglelake-fla.com/bc-pc/meeting/cancelled-planning-commission-meeting</loc><lastmod>2025-07-02T15:18Z</lastmod><changefreq>yearly</changefreq></url>
<url><loc>https://www.eaglelake-fla.com/bc-cra/page/cra-annual-reports</loc><lastmod>2025-07-10T21:00Z</lastmod><changefreq>yearly</changefreq></url>
<url><loc>https://www.eaglelake-fla.com/city/meeting/cancelled-regular-city-commission-meeting-9</loc><lastmod>2025-07-14T12:15Z</lastmod><changefreq>yearly</changefreq></url>
<url><loc>https://www.eaglelake-fla.com/bc-cra/page/community-redevelopment-area-map</loc><lastmod>2025-07-14T12:15Z</lastmod><changefreq>yearly</changefreq></url>
<url><loc>https://www.eaglelake-fla.com/manager/page/lien-searches</loc><lastmod>2025-07-22T20:41Z</lastmod><changefreq>yearly</changefreq></url>
<url><loc>https://www.eaglelake-fla.com/utilities/page/starting-your-utility-service</loc><lastmod>2025-07-22T19:00Z</lastmod><changefreq>yearly</changefreq></url>
<url><loc>https://www.eaglelake-fla.com/utilities/page/utility-billing-customer-service</loc><lastmod>2026-04-09T14:09Z</lastmod><changefreq>weekly</changefreq></url>
<url><loc>https://www.eaglelake-fla.com/utilities/page/sewer-credits</loc><lastmod>2026-04-09T14:12Z</lastmod><changefreq>weekly</changefreq></url>
<url><loc>https://www.eaglelake-fla.com/utilities/page/utility-department-forms</loc><lastmod>2026-04-09T14:11Z</lastmod><changefreq>weekly</changefreq></url>
<url><loc>https://www.eaglelake-fla.com/code/meeting/special-magistrate-hearing-2</loc><lastmod>2025-07-25T20:55Z</lastmod><changefreq>yearly</changefreq></url>
<url><loc>https://www.eaglelake-fla.com/bc-cra/meeting/cancelled-regular-cra-meeting-2</loc><lastmod>2025-07-30T11:46Z</lastmod><changefreq>yearly</changefreq></url>
<url><loc>https://www.eaglelake-fla.com/city/meeting/regular-city-commission-meeting-29</loc><lastmod>2025-09-08T20:54Z</lastmod><changefreq>yearly</changefreq></url>
<url><loc>https://www.eaglelake-fla.com/bc-pc/meeting/regular-planning-commission-meeting-4</loc><lastmod>2026-01-07T16:20Z</lastmod><changefreq>yearly</changefreq></url>
<url><loc>https://www.eaglelake-fla.com/community/page/trick-or-treat-lane-1</loc><lastmod>2025-07-30T19:35Z</lastmod><changefreq>yearly</changefreq></url>
<url><loc>https://www.eaglelake-fla.com/community/page/eagle-lake-christmas-parade-0</loc><lastmod>2025-07-30T19:37Z</lastmod><changefreq>yearly</changefreq></url>
<url><loc>https://www.eaglelake-fla.com/home-page/page/labor-day-0</loc><lastmod>2025-07-30T19:40Z</lastmod><changefreq>yearly</changefreq></url>
<url><loc>https://www.eaglelake-fla.com/library/page/library-preschool-story-time-33</loc><lastmod>2025-08-07T14:14Z</lastmod><changefreq>yearly</changefreq></url>
<url><loc>https://www.eaglelake-fla.com/library/page/library-preschool-story-time-34</loc><lastmod>2025-08-07T14:16Z</lastmod><changefreq>yearly</changefreq></url>
<url><loc>https://www.eaglelake-fla.com/library/page/library-preschool-story-time-35</loc><lastmod>2025-08-07T14:15Z</lastmod><changefreq>yearly</changefreq></url>
<url><loc>https://www.eaglelake-fla.com/library/page/library-preschool-story-time-36</loc><lastmod>2025-08-07T14:16Z</lastmod><changefreq>yearly</changefreq></url>
<url><loc>https://www.eaglelake-fla.com/library/page/library-preschool-story-time-37</loc><lastmod>2025-08-07T14:17Z</lastmod><changefreq>yearly</changefreq></url>
<url><loc>https://www.eaglelake-fla.com/library/page/library-preschool-story-time-38</loc><lastmod>2025-08-07T14:17Z</lastmod><changefreq>yearly</changefreq></url>
<url><loc>https://www.eaglelake-fla.com/library/page/library-preschool-story-time-39</loc><lastmod>2025-08-07T14:19Z</lastmod><changefreq>yearly</changefreq></url>
<url><loc>https://www.eaglelake-fla.com/library/page/library-preschool-story-time-40</loc><lastmod>2025-08-07T14:19Z</lastmod><changefreq>yearly</changefreq></url>
<url><loc>https://www.eaglelake-fla.com/library/page/library-legos-0</loc><lastmod>2025-08-07T14:30Z</lastmod><changefreq>yearly</changefreq></url>
<url><loc>https://www.eaglelake-fla.com/library/page/library-legos-1</loc><lastmod>2025-08-07T14:30Z</lastmod><changefreq>yearly</changefreq></url>
<url><loc>https://www.eaglelake-fla.com/library/page/library-arts-and-crafts-6</loc><lastmod>2025-08-07T14:39Z</lastmod><changefreq>yearly</changefreq></url>
<url><loc>https://www.eaglelake-fla.com/library/page/library-stem-lab-7</loc><lastmod>2025-08-07T14:52Z</lastmod><changefreq>yearly</changefreq></url>
<url><loc>https://www.eaglelake-fla.com/library/page/library-stem-lab-8</loc><lastmod>2025-08-07T15:39Z</lastmod><changefreq>yearly</changefreq></url>
<url><loc>https://www.eaglelake-fla.com/library/page/library-read-aloud-6</loc><lastmod>2025-08-07T15:53Z</lastmod><changefreq>yearly</changefreq></url>
<url><loc>https://www.eaglelake-fla.com/library/page/library-read-aloud-7</loc><lastmod>2025-08-07T16:03Z</lastmod><changefreq>yearly</changefreq></url>
<url><loc>https://www.eaglelake-fla.com/library/page/library-read-aloud-8</loc><lastmod>2025-08-07T16:13Z</lastmod><changefreq>yearly</changefreq></url>
<url><loc>https://www.eaglelake-fla.com/city/meeting/cancelled-regular-city-commission-meeting-10</loc><lastmod>2025-08-14T11:55Z</lastmod><changefreq>yearly</changefreq></url>
<url><loc>https://www.eaglelake-fla.com/code/meeting/special-magistrate-hearing-3</loc><lastmod>2025-09-16T12:28Z</lastmod><changefreq>yearly</changefreq></url>
<url><loc>https://www.eaglelake-fla.com/city/meeting/regular-city-commission-meeting-30</loc><lastmod>2025-10-31T19:20Z</lastmod><changefreq>yearly</changefreq></url>
<url><loc>https://www.eaglelake-fla.com/bc-cra/meeting/regular-cra-meeting-5</loc><lastmod>2026-01-07T16:22Z</lastmod><changefreq>yearly</changefreq></url>
<url><loc>https://www.eaglelake-fla.com/library/page/library-arts-and-crafts-7</loc><lastmod>2025-09-08T15:21Z</lastmod><changefreq>yearly</changefreq></url>
<url><loc>https://www.eaglelake-fla.com/city/meeting/regular-planning-commission-meeting-3</loc><lastmod>2026-01-07T16:23Z</lastmod><changefreq>yearly</changefreq></url>
<url><loc>https://www.eaglelake-fla.com/city/meeting/special-city-commission-meeting-1</loc><lastmod>2026-01-07T16:25Z</lastmod><changefreq>yearly</changefreq></url>
<url><loc>https://www.eaglelake-fla.com/public-works/page/2025-street-resurfacing-list</loc><lastmod>2025-09-16T20:19Z</lastmod><changefreq>yearly</changefreq></url>
<url><loc>https://www.eaglelake-fla.com/code/meeting/special-magistrate-hearing-4</loc><lastmod>2025-09-22T20:59Z</lastmod><changefreq>yearly</changefreq></url>
<url><loc>https://www.eaglelake-fla.com/library/page/library-preschool-story-time-41</loc><lastmod>2025-09-24T13:42Z</lastmod><changefreq>yearly</changefreq></url>
<url><loc>https://www.eaglelake-fla.com/library/page/library-arts-and-crafts-8</loc><lastmod>2025-09-24T13:46Z</lastmod><changefreq>yearly</changefreq></url>
<url><loc>https://www.eaglelake-fla.com/library/page/library-legos-2</loc><lastmod>2025-09-24T13:59Z</lastmod><changefreq>yearly</changefreq></url>
<url><loc>https://www.eaglelake-fla.com/library/page/library-legos-3</loc><lastmod>2025-09-24T14:00Z</lastmod><changefreq>yearly</changefreq></url>
<url><loc>https://www.eaglelake-fla.com/library/page/library-arts-and-crafts-9</loc><lastmod>2025-09-24T14:03Z</lastmod><changefreq>yearly</changefreq></url>
<url><loc>https://www.eaglelake-fla.com/library/page/library-stem-lab-9</loc><lastmod>2025-09-24T14:06Z</lastmod><changefreq>yearly</changefreq></url>
<url><loc>https://www.eaglelake-fla.com/library/page/library-stem-lab-10</loc><lastmod>2025-09-24T14:13Z</lastmod><changefreq>yearly</changefreq></url>
<url><loc>https://www.eaglelake-fla.com/library/page/library-read-aloud-9</loc><lastmod>2025-09-24T14:47Z</lastmod><changefreq>yearly</changefreq></url>
<url><loc>https://www.eaglelake-fla.com/library/page/library-preschool-story-time-42</loc><lastmod>2025-09-24T14:24Z</lastmod><changefreq>yearly</changefreq></url>
<url><loc>https://www.eaglelake-fla.com/library/page/library-preschool-story-time-43</loc><lastmod>2025-09-24T14:25Z</lastmod><changefreq>yearly</changefreq></url>
<url><loc>https://www.eaglelake-fla.com/library/page/library-preschool-story-time-44</loc><lastmod>2025-09-24T14:25Z</lastmod><changefreq>yearly</changefreq></url>
<url><loc>https://www.eaglelake-fla.com/library/page/library-preschool-story-time-45</loc><lastmod>2025-09-24T14:26Z</lastmod><changefreq>yearly</changefreq></url>
<url><loc>https://www.eaglelake-fla.com/library/page/library-preschool-story-time-46</loc><lastmod>2025-09-24T14:26Z</lastmod><changefreq>yearly</changefreq></url>
<url><loc>https://www.eaglelake-fla.com/library/page/library-preschool-story-time-47</loc><lastmod>2025-09-24T14:26Z</lastmod><changefreq>yearly</changefreq></url>
<url><loc>https://www.eaglelake-fla.com/library/page/library-preschool-story-time-48</loc><lastmod>2025-09-24T14:27Z</lastmod><changefreq>yearly</changefreq></url>
<url><loc>https://www.eaglelake-fla.com/library/page/library-halloween-challenge</loc><lastmod>2025-09-24T14:40Z</lastmod><changefreq>yearly</changefreq></url>
<url><loc>https://www.eaglelake-fla.com/bc-cra/meeting/regular-cra-meeting-6</loc><lastmod>2025-10-14T15:03Z</lastmod><changefreq>yearly</changefreq></url>
<url><loc>https://www.eaglelake-fla.com/city/meeting/regular-city-commission-meeting-31</loc><lastmod>2026-01-07T16:25Z</lastmod><changefreq>yearly</changefreq></url>
<url><loc>https://www.eaglelake-fla.com/code/meeting/special-magistrate-hearing-5</loc><lastmod>2025-10-14T16:23Z</lastmod><changefreq>yearly</changefreq></url>
<url><loc>https://www.eaglelake-fla.com/bc-cra/meeting/cancelled-regular-cra-meeting-3</loc><lastmod>2025-10-29T20:26Z</lastmod><changefreq>yearly</changefreq></url>
<url><loc>https://www.eaglelake-fla.com/city/meeting/regular-city-commission-meeting-32</loc><lastmod>2026-01-07T16:26Z</lastmod><changefreq>yearly</changefreq></url>
<url><loc>https://www.eaglelake-fla.com/code/page/certificate-use</loc><lastmod>2025-11-12T19:14Z</lastmod><changefreq>yearly</changefreq></url>
<url><loc>https://www.eaglelake-fla.com/bc/meeting/cancelled-regular-city-commission-meeting</loc><lastmod>2025-11-10T18:14Z</lastmod><changefreq>yearly</changefreq></url>
<url><loc>https://www.eaglelake-fla.com/bc-cra/meeting/cancelled-regular-cra-meeting-4</loc><lastmod>2025-11-25T19:02Z</lastmod><changefreq>yearly</changefreq></url>
<url><loc>https://www.eaglelake-fla.com/city/meeting/regular-city-commission-meeting-33</loc><lastmod>2026-01-07T16:27Z</lastmod><changefreq>yearly</changefreq></url>
<url><loc>https://www.eaglelake-fla.com/city/meeting/regular-planning-commission-meeting-4</loc><lastmod>2025-11-25T19:09Z</lastmod><changefreq>yearly</changefreq></url>
<url><loc>https://www.eaglelake-fla.com/library/page/library-legos-4</loc><lastmod>2025-11-26T14:18Z</lastmod><changefreq>yearly</changefreq></url>
<url><loc>https://www.eaglelake-fla.com/library/page/library-arts-and-crafts-10</loc><lastmod>2025-11-26T14:20Z</lastmod><changefreq>yearly</changefreq></url>
<url><loc>https://www.eaglelake-fla.com/library/page/library-arts-and-crafts-11</loc><lastmod>2025-11-26T14:23Z</lastmod><changefreq>yearly</changefreq></url>
<url><loc>https://www.eaglelake-fla.com/library/page/library-stem-lab-11</loc><lastmod>2025-11-26T14:27Z</lastmod><changefreq>yearly</changefreq></url>
<url><loc>https://www.eaglelake-fla.com/library/page/library-stem-lab-12</loc><lastmod>2025-11-26T14:36Z</lastmod><changefreq>yearly</changefreq></url>
<url><loc>https://www.eaglelake-fla.com/library/page/library-read-aloud-10</loc><lastmod>2025-11-26T14:41Z</lastmod><changefreq>yearly</changefreq></url>
<url><loc>https://www.eaglelake-fla.com/library/page/library-kids-challenge</loc><lastmod>2025-11-26T14:44Z</lastmod><changefreq>yearly</changefreq></url>
<url><loc>https://www.eaglelake-fla.com/library/page/library-preschool-story-time-49</loc><lastmod>2025-11-26T14:50Z</lastmod><changefreq>yearly</changefreq></url>
<url><loc>https://www.eaglelake-fla.com/library/page/library-preschool-story-time-50</loc><lastmod>2025-11-26T14:50Z</lastmod><changefreq>yearly</changefreq></url>
<url><loc>https://www.eaglelake-fla.com/library/page/library-preschool-story-time-51</loc><lastmod>2025-11-26T14:50Z</lastmod><changefreq>yearly</changefreq></url>
<url><loc>https://www.eaglelake-fla.com/library/page/library-preschool-story-time-52</loc><lastmod>2025-11-26T14:51Z</lastmod><changefreq>yearly</changefreq></url>
<url><loc>https://www.eaglelake-fla.com/library/page/library-preschool-story-time-53</loc><lastmod>2025-11-26T14:51Z</lastmod><changefreq>yearly</changefreq></url>
<url><loc>https://www.eaglelake-fla.com/library/page/library-preschool-story-time-54</loc><lastmod>2025-11-26T14:51Z</lastmod><changefreq>yearly</changefreq></url>
<url><loc>https://www.eaglelake-fla.com/library/page/library-preschool-story-time-55</loc><lastmod>2025-11-26T14:52Z</lastmod><changefreq>yearly</changefreq></url>
<url><loc>https://www.eaglelake-fla.com/home-page/page/city-eagle-lake-notice-election</loc><lastmod>2025-12-26T13:00Z</lastmod><changefreq>yearly</changefreq></url>
<url><loc>https://www.eaglelake-fla.com/city/meeting/regular-city-commission-meeting-34</loc><lastmod>2026-03-30T20:03Z</lastmod><changefreq>monthly</changefreq></url>
<url><loc>https://www.eaglelake-fla.com/utilities/job-opening/utility-billing-customer-service-representative-0</loc><lastmod>2026-01-21T13:49Z</lastmod><changefreq>yearly</changefreq></url>
<url><loc>https://www.eaglelake-fla.com/city/meeting/city-commission-workshop</loc><lastmod>2026-03-30T20:04Z</lastmod><changefreq>monthly</changefreq></url>
<url><loc>https://www.eaglelake-fla.com/city/meeting/regular-city-commission-meeting-35</loc><lastmod>2026-03-30T20:05Z</lastmod><changefreq>monthly</changefreq></url>
<url><loc>https://www.eaglelake-fla.com/bc-cra/meeting/regular-cra-meeting-7</loc><lastmod>2026-01-26T16:07Z</lastmod><changefreq>yearly</changefreq></url>
<url><loc>https://www.eaglelake-fla.com/bc-cra/meeting/regular-cra-meeting-8</loc><lastmod>2026-01-29T14:22Z</lastmod><changefreq>yearly</changefreq></url>
<url><loc>https://www.eaglelake-fla.com/library/page/library-stem-lab-13</loc><lastmod>2026-01-30T15:35Z</lastmod><changefreq>yearly</changefreq></url>
<url><loc>https://www.eaglelake-fla.com/library/page/library-legos-5</loc><lastmod>2026-01-30T15:36Z</lastmod><changefreq>yearly</changefreq></url>
<url><loc>https://www.eaglelake-fla.com/library/page/library-stem-lab-14</loc><lastmod>2026-01-30T15:38Z</lastmod><changefreq>yearly</changefreq></url>
<url><loc>https://www.eaglelake-fla.com/library/page/library-legos-6</loc><lastmod>2026-01-30T15:39Z</lastmod><changefreq>yearly</changefreq></url>
<url><loc>https://www.eaglelake-fla.com/library/page/library-arts-and-crafts-12</loc><lastmod>2026-01-30T15:42Z</lastmod><changefreq>yearly</changefreq></url>
<url><loc>https://www.eaglelake-fla.com/library/page/library-arts-and-crafts-13</loc><lastmod>2026-01-30T15:44Z</lastmod><changefreq>yearly</changefreq></url>
<url><loc>https://www.eaglelake-fla.com/library/page/library-read-aloud-11</loc><lastmod>2026-01-30T16:11Z</lastmod><changefreq>yearly</changefreq></url>
<url><loc>https://www.eaglelake-fla.com/library/page/library-read-aloud-12</loc><lastmod>2026-01-30T16:15Z</lastmod><changefreq>yearly</changefreq></url>
<url><loc>https://www.eaglelake-fla.com/library/page/library-preschool-story-time-56</loc><lastmod>2026-01-30T16:18Z</lastmod><changefreq>yearly</changefreq></url>
<url><loc>https://www.eaglelake-fla.com/library/page/library-preschool-story-time-57</loc><lastmod>2026-01-30T16:18Z</lastmod><changefreq>yearly</changefreq></url>
<url><loc>https://www.eaglelake-fla.com/library/page/library-preschool-story-time-58</loc><lastmod>2026-01-30T16:19Z</lastmod><changefreq>yearly</changefreq></url>
<url><loc>https://www.eaglelake-fla.com/library/page/library-preschool-story-time-59</loc><lastmod>2026-01-30T16:19Z</lastmod><changefreq>yearly</changefreq></url>
<url><loc>https://www.eaglelake-fla.com/library/page/library-preschool-story-time-60</loc><lastmod>2026-01-30T16:20Z</lastmod><changefreq>yearly</changefreq></url>
<url><loc>https://www.eaglelake-fla.com/library/page/library-preschool-story-time-61</loc><lastmod>2026-01-30T16:20Z</lastmod><changefreq>yearly</changefreq></url>
<url><loc>https://www.eaglelake-fla.com/library/page/library-preschool-story-time-62</loc><lastmod>2026-01-30T16:21Z</lastmod><changefreq>yearly</changefreq></url>
<url><loc>https://www.eaglelake-fla.com/library/page/library-preschool-story-time-63</loc><lastmod>2026-01-30T16:21Z</lastmod><changefreq>yearly</changefreq></url>
<url><loc>https://www.eaglelake-fla.com/code/page/invitation-bid-demolition-685-e-eagle-avenue</loc><lastmod>2026-02-03T15:25Z</lastmod><changefreq>yearly</changefreq></url>
<url><loc>https://www.eaglelake-fla.com/code/page/invitation-bid-152-n-6th-street</loc><lastmod>2026-02-03T15:27Z</lastmod><changefreq>yearly</changefreq></url>
<url><loc>https://www.eaglelake-fla.com/building/job-opening/building-official</loc><lastmod>2026-03-31T21:01Z</lastmod><changefreq>monthly</changefreq></url>
<url><loc>https://www.eaglelake-fla.com/city/meeting/canceled-regular-city-commission-meeting</loc><lastmod>2026-02-10T13:11Z</lastmod><changefreq>yearly</changefreq></url>
<url><loc>https://www.eaglelake-fla.com/community/page/election-information</loc><lastmod>2026-04-08T17:56Z</lastmod><changefreq>weekly</changefreq></url>
<url><loc>https://www.eaglelake-fla.com/resources/page/public-notice-referendum-election-april-7-2026</loc><lastmod>2026-02-20T19:39Z</lastmod><changefreq>monthly</changefreq></url>
<url><loc>https://www.eaglelake-fla.com/resources/page/public-notice-referendum</loc><lastmod>2026-02-23T13:54Z</lastmod><changefreq>monthly</changefreq></url>
<url><loc>https://www.eaglelake-fla.com/bc-cra/meeting/canceled-regular-cra-meeting</loc><lastmod>2026-02-24T13:04Z</lastmod><changefreq>monthly</changefreq></url>
<url><loc>https://www.eaglelake-fla.com/city/meeting/regular-city-commission-meeting-36</loc><lastmod>2026-04-08T18:07Z</lastmod><changefreq>weekly</changefreq></url>
<url><loc>https://www.eaglelake-fla.com/code/meeting/special-magistrate-hearing-6</loc><lastmod>2026-02-25T20:10Z</lastmod><changefreq>monthly</changefreq></url>
<url><loc>https://www.eaglelake-fla.com/resources/page/city-eagle-lake-general-election-sample-ballot</loc><lastmod>2026-02-26T21:24Z</lastmod><changefreq>monthly</changefreq></url>
<url><loc>https://www.eaglelake-fla.com/administration/page/notice-precinct-change</loc><lastmod>2026-02-27T15:28Z</lastmod><changefreq>monthly</changefreq></url>
<url><loc>https://www.eaglelake-fla.com/city/meeting/regular-planning-commission-meeting-canceled</loc><lastmod>2026-03-05T18:54Z</lastmod><changefreq>monthly</changefreq></url>
<url><loc>https://www.eaglelake-fla.com/city/meeting/03-16-2026-regular-city-commission-meeting-canceled</loc><lastmod>2026-03-10T13:11Z</lastmod><changefreq>monthly</changefreq></url>
<url><loc>https://www.eaglelake-fla.com/library/page/library-legos-7</loc><lastmod>2026-03-30T17:30Z</lastmod><changefreq>monthly</changefreq></url>
<url><loc>https://www.eaglelake-fla.com/library/page/library-legos-8</loc><lastmod>2026-03-30T17:30Z</lastmod><changefreq>monthly</changefreq></url>
<url><loc>https://www.eaglelake-fla.com/library/page/library-arts-and-crafts-14</loc><lastmod>2026-03-30T17:33Z</lastmod><changefreq>monthly</changefreq></url>
<url><loc>https://www.eaglelake-fla.com/library/page/library-stem-lab-15</loc><lastmod>2026-03-30T17:39Z</lastmod><changefreq>monthly</changefreq></url>
<url><loc>https://www.eaglelake-fla.com/library/page/library-arts-and-crafts-15</loc><lastmod>2026-03-30T17:40Z</lastmod><changefreq>monthly</changefreq></url>
<url><loc>https://www.eaglelake-fla.com/library/page/library-stem-lab-16</loc><lastmod>2026-03-30T17:43Z</lastmod><changefreq>monthly</changefreq></url>
<url><loc>https://www.eaglelake-fla.com/library/page/library-read-aloud-13</loc><lastmod>2026-03-30T17:48Z</lastmod><changefreq>monthly</changefreq></url>
<url><loc>https://www.eaglelake-fla.com/library/page/library-read-aloud-14</loc><lastmod>2026-03-30T18:17Z</lastmod><changefreq>monthly</changefreq></url>
<url><loc>https://www.eaglelake-fla.com/code/meeting/special-magistrate-hearing-7</loc><lastmod>2026-03-30T18:20Z</lastmod><changefreq>monthly</changefreq></url>
<url><loc>https://www.eaglelake-fla.com/library/page/library-kids-challenge-0</loc><lastmod>2026-03-30T18:19Z</lastmod><changefreq>monthly</changefreq></url>
<url><loc>https://www.eaglelake-fla.com/library/page/library-preschool-story-time-64</loc><lastmod>2026-03-30T18:21Z</lastmod><changefreq>monthly</changefreq></url>
<url><loc>https://www.eaglelake-fla.com/library/page/library-preschool-story-time-65</loc><lastmod>2026-03-30T18:21Z</lastmod><changefreq>monthly</changefreq></url>
<url><loc>https://www.eaglelake-fla.com/library/page/library-preschool-story-time-66</loc><lastmod>2026-03-30T18:21Z</lastmod><changefreq>monthly</changefreq></url>
<url><loc>https://www.eaglelake-fla.com/library/page/library-preschool-story-time-67</loc><lastmod>2026-03-30T18:21Z</lastmod><changefreq>monthly</changefreq></url>
<url><loc>https://www.eaglelake-fla.com/library/page/library-preschool-story-time-68</loc><lastmod>2026-03-30T18:22Z</lastmod><changefreq>monthly</changefreq></url>
<url><loc>https://www.eaglelake-fla.com/library/page/library-preschool-story-time-69</loc><lastmod>2026-03-30T18:22Z</lastmod><changefreq>monthly</changefreq></url>
<url><loc>https://www.eaglelake-fla.com/library/page/library-preschool-story-time-70</loc><lastmod>2026-03-30T18:22Z</lastmod><changefreq>monthly</changefreq></url>
<url><loc>https://www.eaglelake-fla.com/library/page/library-preschool-story-time-71</loc><lastmod>2026-03-30T18:22Z</lastmod><changefreq>monthly</changefreq></url>
<url><loc>https://www.eaglelake-fla.com/library/page/library-preschool-story-time-72</loc><lastmod>2026-03-30T18:22Z</lastmod><changefreq>monthly</changefreq></url>
<url><loc>https://www.eaglelake-fla.com/bc-cra/meeting/canceled-regular-cra-meeting-0</loc><lastmod>2026-03-31T11:41Z</lastmod><changefreq>monthly</changefreq></url>
<url><loc>https://www.eaglelake-fla.com/canvassing-board</loc><lastmod>2026-03-31T13:00Z</lastmod><changefreq>monthly</changefreq></url>
<url><loc>https://www.eaglelake-fla.com/city/meeting/regular-city-commission-meeting-37</loc><lastmod>2026-03-31T12:45Z</lastmod><changefreq>monthly</changefreq></url>
<url><loc>https://www.eaglelake-fla.com/canvassing-board/page/canvassing-board</loc><lastmod>2026-03-31T13:28Z</lastmod><changefreq>monthly</changefreq></url>
<url><loc>https://www.eaglelake-fla.com/canvassing-board/meeting/canvassing-board</loc><lastmod>2026-04-08T18:08Z</lastmod><changefreq>weekly</changefreq></url>
<url><loc>https://www.eaglelake-fla.com/canvassing-board/meeting/canvassing-board-0</loc><lastmod>2026-03-31T20:39Z</lastmod><changefreq>monthly</changefreq></url>
<url><loc>https://www.eaglelake-fla.com/canvassing-board/meeting/canvassing-board-1</loc><lastmod>2026-03-31T13:46Z</lastmod><changefreq>monthly</changefreq></url>
<url><loc>https://www.eaglelake-fla.com/canvassing-board/meeting/canvassing-board-2</loc><lastmod>2026-03-31T13:48Z</lastmod><changefreq>monthly</changefreq></url>
<url><loc>https://www.eaglelake-fla.com/bc-pc/meeting/regular-planning-commission-meeting-5</loc><lastmod>2026-04-13T19:17Z</lastmod><changefreq>weekly</changefreq></url>
<url><loc>https://www.eaglelake-fla.com/city/meeting/regular-city-commission-meeting-38</loc><lastmod>2026-04-17T15:53Z</lastmod><changefreq>hourly</changefreq></url>
<url><loc>https://www.eaglelake-fla.com/administration</loc><lastmod>2024-06-12T04:40Z</lastmod><changefreq>yearly</changefreq></url>
<url><loc>https://www.eaglelake-fla.com/bc</loc><lastmod>2026-03-31T13:21Z</lastmod><changefreq>monthly</changefreq></url>
<url><loc>https://www.eaglelake-fla.com/building</loc><lastmod>2024-07-29T13:36Z</lastmod><changefreq>yearly</changefreq></url>
<url><loc>https://www.eaglelake-fla.com/finance</loc><lastmod>2023-12-15T20:59Z</lastmod><changefreq>never</changefreq></url>
<url><loc>https://www.eaglelake-fla.com/city</loc><lastmod>2025-05-08T21:33Z</lastmod><changefreq>yearly</changefreq></url>
</urlset>
