<?xml version="1.0" encoding="utf-8"?>
<rss xmlns:dc="http://purl.org/dc/elements/1.1/" version="2.0" xml:base="https://www.eaglelakefl.gov/">
  <channel>
    <title>Eagle Lake FL</title>
    <link>https://www.eaglelakefl.gov/</link>
    <description/>
    <language>en</language>
    
    <item>
  <title>Regular City Commission Meeting</title>
  <link>https://www.eaglelakefl.gov/city/meeting/regular-city-commission-meeting-38</link>
  <description>&lt;span class="field field--name-title field--type-string field--label-hidden"&gt;Regular City Commission Meeting&lt;/span&gt;
&lt;span class="field field--name-uid field--type-entity-reference field--label-hidden"&gt;&lt;span&gt;dwright&lt;/span&gt;&lt;/span&gt;
&lt;span class="field field--name-created field--type-created field--label-hidden"&gt;&lt;time datetime="2026-04-13T15:21:32-04:00" title="Monday, April 13, 2026 - 3:21 PM" class="datetime"&gt;Mon, 04/13/2026 - 3:21 PM&lt;/time&gt;
&lt;/span&gt;
&lt;div class="print__wrapper print__wrapper--pdf"&gt;&lt;a href="https://www.eaglelakefl.gov/print/pdf/node/7101" class="print__link print__link--pdf"&gt;Print&lt;/a&gt;&lt;/div&gt;
</description>
  <pubDate>Mon, 13 Apr 2026 19:21:32 +0000</pubDate>
    <dc:creator>dwright</dc:creator>
    <guid isPermaLink="false">7101 at https://www.eaglelakefl.gov</guid>
    </item>
<item>
  <title>Regular Planning Commission Meeting </title>
  <link>https://www.eaglelakefl.gov/bc-pc/meeting/regular-planning-commission-meeting-5</link>
  <description>&lt;span class="field field--name-title field--type-string field--label-hidden"&gt;Regular Planning Commission Meeting &lt;/span&gt;
&lt;span class="field field--name-uid field--type-entity-reference field--label-hidden"&gt;&lt;span&gt;dwright&lt;/span&gt;&lt;/span&gt;
&lt;span class="field field--name-created field--type-created field--label-hidden"&gt;&lt;time datetime="2026-04-13T15:16:36-04:00" title="Monday, April 13, 2026 - 3:16 PM" class="datetime"&gt;Mon, 04/13/2026 - 3:16 PM&lt;/time&gt;
&lt;/span&gt;
&lt;div class="print__wrapper print__wrapper--pdf"&gt;&lt;a href="https://www.eaglelakefl.gov/print/pdf/node/7096" class="print__link print__link--pdf"&gt;Print&lt;/a&gt;&lt;/div&gt;
</description>
  <pubDate>Mon, 13 Apr 2026 19:16:36 +0000</pubDate>
    <dc:creator>dwright</dc:creator>
    <guid isPermaLink="false">7096 at https://www.eaglelakefl.gov</guid>
    </item>
<item>
  <title>Canvassing Board</title>
  <link>https://www.eaglelakefl.gov/canvassing-board/meeting/canvassing-board-2</link>
  <description>&lt;span class="field field--name-title field--type-string field--label-hidden"&gt;Canvassing Board&lt;/span&gt;
&lt;span class="field field--name-uid field--type-entity-reference field--label-hidden"&gt;&lt;span&gt;dwright&lt;/span&gt;&lt;/span&gt;
&lt;span class="field field--name-created field--type-created field--label-hidden"&gt;&lt;time datetime="2026-03-31T09:47:23-04:00" title="Tuesday, March 31, 2026 - 9:47 AM" class="datetime"&gt;Tue, 03/31/2026 - 9:47 AM&lt;/time&gt;
&lt;/span&gt;
&lt;div class="print__wrapper print__wrapper--pdf"&gt;&lt;a href="https://www.eaglelakefl.gov/print/pdf/node/7091" class="print__link print__link--pdf"&gt;Print&lt;/a&gt;&lt;/div&gt;
</description>
  <pubDate>Tue, 31 Mar 2026 13:47:23 +0000</pubDate>
    <dc:creator>dwright</dc:creator>
    <guid isPermaLink="false">7091 at https://www.eaglelakefl.gov</guid>
    </item>
<item>
  <title>Canvassing Board</title>
  <link>https://www.eaglelakefl.gov/canvassing-board/meeting/canvassing-board-1</link>
  <description>&lt;span class="field field--name-title field--type-string field--label-hidden"&gt;Canvassing Board&lt;/span&gt;
&lt;span class="field field--name-uid field--type-entity-reference field--label-hidden"&gt;&lt;span&gt;dwright&lt;/span&gt;&lt;/span&gt;
&lt;span class="field field--name-created field--type-created field--label-hidden"&gt;&lt;time datetime="2026-03-31T09:46:13-04:00" title="Tuesday, March 31, 2026 - 9:46 AM" class="datetime"&gt;Tue, 03/31/2026 - 9:46 AM&lt;/time&gt;
&lt;/span&gt;
&lt;div class="print__wrapper print__wrapper--pdf"&gt;&lt;a href="https://www.eaglelakefl.gov/print/pdf/node/7086" class="print__link print__link--pdf"&gt;Print&lt;/a&gt;&lt;/div&gt;
</description>
  <pubDate>Tue, 31 Mar 2026 13:46:13 +0000</pubDate>
    <dc:creator>dwright</dc:creator>
    <guid isPermaLink="false">7086 at https://www.eaglelakefl.gov</guid>
    </item>
<item>
  <title>Canvassing Board</title>
  <link>https://www.eaglelakefl.gov/canvassing-board/meeting/canvassing-board-0</link>
  <description>&lt;span class="field field--name-title field--type-string field--label-hidden"&gt;Canvassing Board&lt;/span&gt;
&lt;span class="field field--name-uid field--type-entity-reference field--label-hidden"&gt;&lt;span&gt;dwright&lt;/span&gt;&lt;/span&gt;
&lt;span class="field field--name-created field--type-created field--label-hidden"&gt;&lt;time datetime="2026-03-31T09:44:29-04:00" title="Tuesday, March 31, 2026 - 9:44 AM" class="datetime"&gt;Tue, 03/31/2026 - 9:44 AM&lt;/time&gt;
&lt;/span&gt;
&lt;div class="print__wrapper print__wrapper--pdf"&gt;&lt;a href="https://www.eaglelakefl.gov/print/pdf/node/7081" class="print__link print__link--pdf"&gt;Print&lt;/a&gt;&lt;/div&gt;
</description>
  <pubDate>Tue, 31 Mar 2026 13:44:29 +0000</pubDate>
    <dc:creator>dwright</dc:creator>
    <guid isPermaLink="false">7081 at https://www.eaglelakefl.gov</guid>
    </item>
<item>
  <title>Canvassing Board</title>
  <link>https://www.eaglelakefl.gov/canvassing-board/meeting/canvassing-board</link>
  <description>&lt;span class="field field--name-title field--type-string field--label-hidden"&gt;Canvassing Board&lt;/span&gt;
&lt;span class="field field--name-uid field--type-entity-reference field--label-hidden"&gt;&lt;span&gt;sethridge&lt;/span&gt;&lt;/span&gt;
&lt;span class="field field--name-created field--type-created field--label-hidden"&gt;&lt;time datetime="2026-03-31T09:40:09-04:00" title="Tuesday, March 31, 2026 - 9:40 AM" class="datetime"&gt;Tue, 03/31/2026 - 9:40 AM&lt;/time&gt;
&lt;/span&gt;
&lt;div class="print__wrapper print__wrapper--pdf"&gt;&lt;a href="https://www.eaglelakefl.gov/print/pdf/node/7076" class="print__link print__link--pdf"&gt;Print&lt;/a&gt;&lt;/div&gt;
</description>
  <pubDate>Tue, 31 Mar 2026 13:40:09 +0000</pubDate>
    <dc:creator>sethridge</dc:creator>
    <guid isPermaLink="false">7076 at https://www.eaglelakefl.gov</guid>
    </item>
<item>
  <title>Regular City Commission Meeting</title>
  <link>https://www.eaglelakefl.gov/city/meeting/regular-city-commission-meeting-37</link>
  <description>&lt;span class="field field--name-title field--type-string field--label-hidden"&gt;Regular City Commission Meeting&lt;/span&gt;
&lt;span class="field field--name-uid field--type-entity-reference field--label-hidden"&gt;&lt;span&gt;dwright&lt;/span&gt;&lt;/span&gt;
&lt;span class="field field--name-created field--type-created field--label-hidden"&gt;&lt;time datetime="2026-03-31T08:45:16-04:00" title="Tuesday, March 31, 2026 - 8:45 AM" class="datetime"&gt;Tue, 03/31/2026 - 8:45 AM&lt;/time&gt;
&lt;/span&gt;
&lt;div class="print__wrapper print__wrapper--pdf"&gt;&lt;a href="https://www.eaglelakefl.gov/print/pdf/node/7066" class="print__link print__link--pdf"&gt;Print&lt;/a&gt;&lt;/div&gt;
</description>
  <pubDate>Tue, 31 Mar 2026 12:45:16 +0000</pubDate>
    <dc:creator>dwright</dc:creator>
    <guid isPermaLink="false">7066 at https://www.eaglelakefl.gov</guid>
    </item>
<item>
  <title>CANCELED: Regular CRA Meeting </title>
  <link>https://www.eaglelakefl.gov/bc-cra/meeting/canceled-regular-cra-meeting-0</link>
  <description>&lt;span class="field field--name-title field--type-string field--label-hidden"&gt;CANCELED: Regular CRA Meeting &lt;/span&gt;
&lt;span class="field field--name-uid field--type-entity-reference field--label-hidden"&gt;&lt;span&gt;dwright&lt;/span&gt;&lt;/span&gt;
&lt;span class="field field--name-created field--type-created field--label-hidden"&gt;&lt;time datetime="2026-03-31T07:40:47-04:00" title="Tuesday, March 31, 2026 - 7:40 AM" class="datetime"&gt;Tue, 03/31/2026 - 7:40 AM&lt;/time&gt;
&lt;/span&gt;
&lt;div class="print__wrapper print__wrapper--pdf"&gt;&lt;a href="https://www.eaglelakefl.gov/print/pdf/node/7056" class="print__link print__link--pdf"&gt;Print&lt;/a&gt;&lt;/div&gt;
</description>
  <pubDate>Tue, 31 Mar 2026 11:40:47 +0000</pubDate>
    <dc:creator>dwright</dc:creator>
    <guid isPermaLink="false">7056 at https://www.eaglelakefl.gov</guid>
    </item>
<item>
  <title>Special Magistrate Hearing </title>
  <link>https://www.eaglelakefl.gov/code/meeting/special-magistrate-hearing-7</link>
  <description>&lt;span class="field field--name-title field--type-string field--label-hidden"&gt;Special Magistrate Hearing &lt;/span&gt;
&lt;span class="field field--name-uid field--type-entity-reference field--label-hidden"&gt;&lt;span&gt;sethridge&lt;/span&gt;&lt;/span&gt;
&lt;span class="field field--name-created field--type-created field--label-hidden"&gt;&lt;time datetime="2026-03-30T14:15:48-04:00" title="Monday, March 30, 2026 - 2:15 PM" class="datetime"&gt;Mon, 03/30/2026 - 2:15 PM&lt;/time&gt;
&lt;/span&gt;
&lt;div class="print__wrapper print__wrapper--pdf"&gt;&lt;a href="https://www.eaglelakefl.gov/print/pdf/node/6996" class="print__link print__link--pdf"&gt;Print&lt;/a&gt;&lt;/div&gt;
</description>
  <pubDate>Mon, 30 Mar 2026 18:15:48 +0000</pubDate>
    <dc:creator>sethridge</dc:creator>
    <guid isPermaLink="false">6996 at https://www.eaglelakefl.gov</guid>
    </item>
<item>
  <title>03-16-2026 Regular City Commission Meeting Canceled</title>
  <link>https://www.eaglelakefl.gov/city/meeting/03-16-2026-regular-city-commission-meeting-canceled</link>
  <description>&lt;span class="field field--name-title field--type-string field--label-hidden"&gt;03-16-2026 Regular City Commission Meeting Canceled&lt;/span&gt;
&lt;span class="field field--name-uid field--type-entity-reference field--label-hidden"&gt;&lt;span&gt;dwright&lt;/span&gt;&lt;/span&gt;
&lt;span class="field field--name-created field--type-created field--label-hidden"&gt;&lt;time datetime="2026-03-10T09:09:16-04:00" title="Tuesday, March 10, 2026 - 9:09 AM" class="datetime"&gt;Tue, 03/10/2026 - 9:09 AM&lt;/time&gt;
&lt;/span&gt;
&lt;div class="print__wrapper print__wrapper--pdf"&gt;&lt;a href="https://www.eaglelakefl.gov/print/pdf/node/6951" class="print__link print__link--pdf"&gt;Print&lt;/a&gt;&lt;/div&gt;
</description>
  <pubDate>Tue, 10 Mar 2026 13:09:16 +0000</pubDate>
    <dc:creator>dwright</dc:creator>
    <guid isPermaLink="false">6951 at https://www.eaglelakefl.gov</guid>
    </item>

  </channel>
</rss>
